#
# A fatal error has been detected by the Java Runtime Environment:
#
#  SIGSEGV (0xb) at pc=0x00007f8da9b90401, pid=11232, tid=11242
#
# JRE version: OpenJDK Runtime Environment (11.0.9.1+1) (build 11.0.9.1+1-Ubuntu-0ubuntu1.18.04)
# Java VM: OpenJDK 64-Bit Server VM (11.0.9.1+1-Ubuntu-0ubuntu1.18.04, mixed mode, sharing, tiered, compressed oops, g1 gc, linux-amd64)
# Problematic frame:
# C  [libjimage.so+0x2401]
#
# Core dump will be written. Default location: Core dumps may be processed with "/usr/share/apport/apport %p %s %c %d %P %E" (or dumping to /media/elof/bc3254c4-1d4f-42fc-89c6-a01c4f1917ab/Desenvolvimento/repcomercial/core.11232)
#
# If you would like to submit a bug report, please visit:
#   https://bugs.launchpad.net/ubuntu/+source/openjdk-lts
#

---------------  S U M M A R Y ------------

Command Line: -agentlib:jdwp=transport=dt_socket,server=n,suspend=y,address=localhost:13091 -Dfile.encoding=UTF-8 com.eofdev.repcomercial.RepcomercialApplication

Host: Intel(R) Core(TM) i5-3337U CPU @ 1.80GHz, 4 cores, 5G, Linux Mint 19.3 Tricia
Time: Thu Jan 28 14:16:51 2021 -03 elapsed time: 9059.064259 seconds (0d 2h 30m 59s)

---------------  T H R E A D  ---------------

Current thread (0x00007f8da40f9000):  JavaThread "Signal Dispatcher" daemon [_thread_in_vm, id=11242, stack(0x00007f8d84269000,0x00007f8d8436a000)]

Stack: [0x00007f8d84269000,0x00007f8d8436a000],  sp=0x00007f8d843671e0,  free space=1016k
Native frames: (J=compiled Java code, A=aot compiled Java code, j=interpreted, Vv=VM code, C=native code)
C  [libjimage.so+0x2401]
C  [libjimage.so+0x30ea]
C  [libjimage.so+0x35c6]  JIMAGE_FindResource+0xd6
V  [libjvm.so+0x5bf44e]
V  [libjvm.so+0x5c21b0]
V  [libjvm.so+0xe427d5]
V  [libjvm.so+0xe4008a]
V  [libjvm.so+0xe42d62]
V  [libjvm.so+0x675dcd]
V  [libjvm.so+0x86faac]
j  jdk.internal.misc.Signal.dispatch(I)V+25 java.base@11.0.9.1
v  ~StubRoutines::call_stub
V  [libjvm.so+0x87f359]
V  [libjvm.so+0x87e145]
V  [libjvm.so+0xc0680c]
V  [libjvm.so+0xe7b37f]
V  [libjvm.so+0xe77acf]
V  [libjvm.so+0xc1977e]

Java frames: (J=compiled Java code, j=interpreted, Vv=VM code)
j  jdk.internal.misc.Signal.dispatch(I)V+25 java.base@11.0.9.1
v  ~StubRoutines::call_stub

siginfo: si_signo: 11 (SIGSEGV), si_code: 1 (SEGV_MAPERR), si_addr: 0x00007f8d9b89e270

Register to memory mapping:

RAX=0x0000000000001495 is an unknown value
RBX=0x00007f8d84367291 is pointing into the stack for thread: 0x00007f8da40f9000
RCX=0x00007f8d9b89901c is an unknown value
RDX=0x0000000000001495 is an unknown value
RSP=0x00007f8d843671e0 is pointing into the stack for thread: 0x00007f8da40f9000
RBP=0x00007f8d84367200 is pointing into the stack for thread: 0x00007f8da40f9000
RSI=0x00007f8d84367290 is pointing into the stack for thread: 0x00007f8da40f9000
RDI=0x00007f8da9d93030: <offset 0x0000000000205030> in /usr/lib/jvm/java-11-openjdk-amd64/lib/libjimage.so at 0x00007f8da9b8e000
R8 =0x0 is NULL
R9 =0x0000000076100fa4 is an unknown value
R10=0x00007f8d843672b3 is pointing into the stack for thread: 0x00007f8da40f9000
R11=0x00007f8daca48440: <offset 0x00000000001af440> in /lib/x86_64-linux-gnu/libc.so.6 at 0x00007f8dac899000
R12=0x00007f8d84367290 is pointing into the stack for thread: 0x00007f8da40f9000
R13=0x0000000000008412 is an unknown value
R14=0x00007f8d84368328 is pointing into the stack for thread: 0x00007f8da40f9000
R15=0x00007f8da40f9890 points into unknown readable memory: 6a 64 6b 2f 69 6e 74 65


Registers:
RAX=0x0000000000001495, RBX=0x00007f8d84367291, RCX=0x00007f8d9b89901c, RDX=0x0000000000001495
RSP=0x00007f8d843671e0, RBP=0x00007f8d84367200, RSI=0x00007f8d84367290, RDI=0x00007f8da9d93030
R8 =0x0000000000000000, R9 =0x0000000076100fa4, R10=0x00007f8d843672b3, R11=0x00007f8daca48440
R12=0x00007f8d84367290, R13=0x0000000000008412, R14=0x00007f8d84368328, R15=0x00007f8da40f9890
RIP=0x00007f8da9b90401, EFLAGS=0x0000000000010246, CSGSFS=0x002b000000000033, ERR=0x0000000000000004
  TRAPNO=0x000000000000000e

Top of Stack: (sp=0x00007f8d843671e0)
0x00007f8d843671e0:   0000000000000000 00007f8da4009bc0
0x00007f8d843671f0:   0000000000000000 00007f8d84367290
0x00007f8d84367200:   00007f8d84367270 00007f8da9b910ea
0x00007f8d84367210:   0000000000000000 0000000000000000 

Instructions: (pc=0x00007f8da9b90401)
0x00007f8da9b90301:   c5 4c 01 e3 48 89 ce e8 d3 f3 ff ff e9 69 fd ff
0x00007f8da9b90311:   ff 89 d1 0f b7 74 08 fe 66 41 89 74 0e fe e9 7a
0x00007f8da9b90321:   fe ff ff 0f 1f 40 00 8b 08 49 8d 1c 16 41 89 0e
0x00007f8da9b90331:   89 d1 8b 74 08 fc 41 89 74 0e fc 48 8d 34 10 48
0x00007f8da9b90341:   89 75 b8 e9 0b fe ff ff 0f 1f 80 00 00 00 00 0f
0x00007f8da9b90351:   b6 17 55 89 f0 48 89 e5 84 d2 74 22 48 8d 4f 01
0x00007f8da9b90361:   0f 1f 80 00 00 00 00 48 83 c1 01 0f b6 f2 0f b6
0x00007f8da9b90371:   51 ff 69 c0 93 01 00 01 31 f0 84 d2 75 e9 25 ff
0x00007f8da9b90381:   ff ff 7f 5d c3 66 2e 0f 1f 84 00 00 00 00 00 48
0x00007f8da9b90391:   85 d2 0f 84 dd 00 00 00 85 c9 0f 84 d5 00 00 00
0x00007f8da9b903a1:   55 48 89 e5 41 55 41 54 53 48 8d 5e 01 48 83 ec
0x00007f8da9b903b1:   08 44 0f b6 06 45 84 c0 0f 84 a9 00 00 00 49 89
0x00007f8da9b903c1:   da b8 93 01 00 01 66 0f 1f 84 00 00 00 00 00 49
0x00007f8da9b903d1:   83 c2 01 44 69 c8 93 01 00 01 41 0f b6 c0 45 0f
0x00007f8da9b903e1:   b6 42 ff 44 31 c8 45 84 c0 75 e4 25 ff ff ff 7f
0x00007f8da9b903f1:   41 89 cd 48 89 d1 31 d2 41 f7 f5 49 89 f4 89 d0
0x00007f8da9b90401:   8b 34 81 48 8b 07 ff 50 20 83 f8 00 7e 41 41 0f
0x00007f8da9b90411:   b6 14 24 84 d2 74 1c 0f 1f 84 00 00 00 00 00 69
0x00007f8da9b90421:   c0 93 01 00 01 48 83 c3 01 31 d0 0f b6 53 ff 84
0x00007f8da9b90431:   d2 75 ec 25 ff ff ff 7f 31 d2 41 f7 f5 48 83 c4
0x00007f8da9b90441:   08 89 d0 5b 41 5c 41 5d 5d c3 0f 1f 44 00 00 74
0x00007f8da9b90451:   1d f7 d0 48 83 c4 08 89 c2 5b 89 d0 41 5c 41 5d
0x00007f8da9b90461:   5d c3 0f 1f 44 00 00 b8 93 01 00 01 eb 82 ba ff
0x00007f8da9b90471:   ff ff ff eb c8 83 ca ff 89 d0 c3 0f 1f 40 00 0f
0x00007f8da9b90481:   b6 17 55 48 89 f8 48 89 e5 84 d2 75 15 eb 1a 38
0x00007f8da9b90491:   ca 75 1c 48 83 c0 01 0f b6 10 48 83 c6 01 84 d2
0x00007f8da9b904a1:   74 07 0f b6 0e 84 c9 75 e6 5d c3 0f 1f 40 00 31
0x00007f8da9b904b1:   c0 5d c3 66 90 66 2e 0f 1f 84 00 00 00 00 00 55
0x00007f8da9b904c1:   48 85 f6 48 89 e5 74 57 0f 1f 80 00 00 00 00 0f
0x00007f8da9b904d1:   b6 06 84 c0 74 49 0f b6 d0 83 e0 07 c1 fa 03 44
0x00007f8da9b904e1:   8d 50 01 0f b6 c0 41 89 d1 48 8d 56 01 4c 8d 44
0x00007f8da9b904f1:   06 02 31 c0 0f 1f 00 0f b6 0a 48 c1 e0 08 48 83 


Stack slot to memory mapping:
stack at sp + 0 slots: 0x0 is NULL
stack at sp + 1 slots: 0x00007f8da4009bc0 points into unknown readable memory: 20 33 00 4c 8d 7f 00 00
stack at sp + 2 slots: 0x0 is NULL
stack at sp + 3 slots: 0x00007f8d84367290 is pointing into the stack for thread: 0x00007f8da40f9000
stack at sp + 4 slots: 0x00007f8d84367270 is pointing into the stack for thread: 0x00007f8da40f9000
stack at sp + 5 slots: 0x00007f8da9b910ea: <offset 0x00000000000030ea> in /usr/lib/jvm/java-11-openjdk-amd64/lib/libjimage.so at 0x00007f8da9b8e000
stack at sp + 6 slots: 0x0 is NULL
stack at sp + 7 slots: 0x0 is NULL


---------------  P R O C E S S  ---------------

Threads class SMR info:
_java_thread_list=0x00007f8d44001c00, length=31, elements={
0x00007f8da40e9800, 0x00007f8da40f3800, 0x00007f8da40f9000, 0x00007f8da40fb000,
0x00007f8da40fd000, 0x00007f8da40ff000, 0x00007f8da4145000, 0x00007f8da4148800,
0x00007f8da414a800, 0x00007f8da4150800, 0x00007f8d2cbef800, 0x00007f8d302f9800,
0x00007f8d2cbf4000, 0x00007f8d2cc11000, 0x00007f8d2ce80000, 0x00007f8d2d9a7000,
0x00007f8d2d9ab800, 0x00007f8d2d9b7800, 0x00007f8d2d9b8800, 0x00007f8d2d9ba000,
0x00007f8d2d9bc000, 0x00007f8d2d9be000, 0x00007f8d2d9c0000, 0x00007f8d2d9c2000,
0x00007f8d2d9c4000, 0x00007f8d2d9c6000, 0x00007f8d2d9c8000, 0x00007f8d2d9ca000,
0x00007f8d2d9d1000, 0x00007f8d2d9d6000, 0x00007f8da4019800
}

Java Threads: ( => current thread )
  0x00007f8da40e9800 JavaThread "Reference Handler" daemon [_thread_blocked, id=11240, stack(0x00007f8d8474b000,0x00007f8d8484c000)]
  0x00007f8da40f3800 JavaThread "Finalizer" daemon [_thread_blocked, id=11241, stack(0x00007f8d8464a000,0x00007f8d8474b000)]
=>0x00007f8da40f9000 JavaThread "Signal Dispatcher" daemon [_thread_in_vm, id=11242, stack(0x00007f8d84269000,0x00007f8d8436a000)]
  0x00007f8da40fb000 JavaThread "C2 CompilerThread0" daemon [_thread_blocked, id=11243, stack(0x00007f8d84168000,0x00007f8d84269000)]
  0x00007f8da40fd000 JavaThread "C1 CompilerThread0" daemon [_thread_blocked, id=11244, stack(0x00007f8d84067000,0x00007f8d84168000)]
  0x00007f8da40ff000 JavaThread "Sweeper thread" daemon [_thread_blocked, id=11245, stack(0x00007f8d7deff000,0x00007f8d7e000000)]
  0x00007f8da4145000 JavaThread "JDWP Transport Listener: dt_socket" daemon [_thread_in_native, id=11247, stack(0x00007f8d7dbf8000,0x00007f8d7dcf9000)]
  0x00007f8da4148800 JavaThread "JDWP Event Helper Thread" daemon [_thread_blocked, id=11248, stack(0x00007f8d7daf7000,0x00007f8d7dbf8000)]
  0x00007f8da414a800 JavaThread "Service Thread" daemon [_thread_blocked, id=11255, stack(0x00007f8d7d8f5000,0x00007f8d7d9f6000)]
  0x00007f8da4150800 JavaThread "Common-Cleaner" daemon [_thread_blocked, id=11257, stack(0x00007f8d7d6f2000,0x00007f8d7d7f3000)]
  0x00007f8d2cbef800 JavaThread "Catalina-utility-1" [_thread_blocked, id=11266, stack(0x00007f8d7c8b8000,0x00007f8d7c9b9000)]
  0x00007f8d302f9800 JavaThread "Catalina-utility-2" [_thread_blocked, id=11267, stack(0x00007f8d7c1b3000,0x00007f8d7c2b4000)]
  0x00007f8d2cbf4000 JavaThread "container-0" [_thread_blocked, id=11268, stack(0x00007f8d7c0b2000,0x00007f8d7c1b3000)]
  0x00007f8d2cc11000 JavaThread "mysql-cj-abandoned-connection-cleanup" daemon [_thread_blocked, id=11269, stack(0x00007f8d23eff000,0x00007f8d24000000)]
  0x00007f8d2ce80000 JavaThread "HikariPool-1 housekeeper" daemon [_thread_blocked, id=11271, stack(0x00007f8d21e5b000,0x00007f8d21f5c000)]
  0x00007f8d2d9a7000 JavaThread "File Watcher" daemon [_thread_blocked, id=11284, stack(0x00007f8d22321000,0x00007f8d22422000)]
  0x00007f8d2d9ab800 JavaThread "Live Reload Server" daemon [_thread_in_native, id=11286, stack(0x00007f8d20f5a000,0x00007f8d2105b000)]
  0x00007f8d2d9b7800 JavaThread "http-nio-8080-BlockPoller" daemon [_thread_in_native, id=11287, stack(0x00007f8d22020000,0x00007f8d22121000)]
  0x00007f8d2d9b8800 JavaThread "http-nio-8080-exec-1" daemon [_thread_blocked, id=11288, stack(0x00007f8d20e59000,0x00007f8d20f5a000)]
  0x00007f8d2d9ba000 JavaThread "http-nio-8080-exec-2" daemon [_thread_blocked, id=11289, stack(0x00007f8d20d58000,0x00007f8d20e59000)]
  0x00007f8d2d9bc000 JavaThread "http-nio-8080-exec-3" daemon [_thread_blocked, id=11290, stack(0x00007f8d20c57000,0x00007f8d20d58000)]
  0x00007f8d2d9be000 JavaThread "http-nio-8080-exec-4" daemon [_thread_blocked, id=11291, stack(0x00007f8d20b56000,0x00007f8d20c57000)]
  0x00007f8d2d9c0000 JavaThread "http-nio-8080-exec-5" daemon [_thread_blocked, id=11292, stack(0x00007f8d207aa000,0x00007f8d208ab000)]
  0x00007f8d2d9c2000 JavaThread "http-nio-8080-exec-6" daemon [_thread_blocked, id=11293, stack(0x00007f8d206a9000,0x00007f8d207aa000)]
  0x00007f8d2d9c4000 JavaThread "http-nio-8080-exec-7" daemon [_thread_blocked, id=11294, stack(0x00007f8d205a8000,0x00007f8d206a9000)]
  0x00007f8d2d9c6000 JavaThread "http-nio-8080-exec-8" daemon [_thread_blocked, id=11295, stack(0x00007f8d204a7000,0x00007f8d205a8000)]
  0x00007f8d2d9c8000 JavaThread "http-nio-8080-exec-9" daemon [_thread_blocked, id=11296, stack(0x00007f8d203a6000,0x00007f8d204a7000)]
  0x00007f8d2d9ca000 JavaThread "http-nio-8080-exec-10" daemon [_thread_blocked, id=11297, stack(0x00007f8d202a5000,0x00007f8d203a6000)]
  0x00007f8d2d9d1000 JavaThread "http-nio-8080-ClientPoller" daemon [_thread_in_native, id=11298, stack(0x00007f8d201a4000,0x00007f8d202a5000)]
  0x00007f8d2d9d6000 JavaThread "http-nio-8080-Acceptor" daemon [_thread_in_native, id=11299, stack(0x00007f8d200a3000,0x00007f8d201a4000)]
  0x00007f8da4019800 JavaThread "DestroyJavaVM" [_thread_blocked, id=11233, stack(0x00007f8dacf95000,0x00007f8dad096000)]

Other Threads:
  0x00007f8da40e6800 VMThread "VM Thread" [stack: 0x00007f8d8484e000,0x00007f8d8494e000] [id=11239]
  0x00007f8da414d000 WatcherThread [stack: 0x00007f8d7d7f5000,0x00007f8d7d8f5000] [id=11256]
  0x00007f8da4031800 GCTaskThread "GC Thread#0" [stack: 0x00007f8da8c31000,0x00007f8da8d31000] [id=11234]
  0x00007f8d70001000 GCTaskThread "GC Thread#1" [stack: 0x00007f8d7d1ca000,0x00007f8d7d2ca000] [id=11258]
  0x00007f8d70004000 GCTaskThread "GC Thread#2" [stack: 0x00007f8d7c5b8000,0x00007f8d7c6b8000] [id=11262]
  0x00007f8d70005800 GCTaskThread "GC Thread#3" [stack: 0x00007f8d7c4b6000,0x00007f8d7c5b6000] [id=11263]
  0x00007f8da4057800 ConcurrentGCThread "G1 Main Marker" [stack: 0x00007f8da8175000,0x00007f8da8275000] [id=11235]
  0x00007f8da4059800 ConcurrentGCThread "G1 Conc#0" [stack: 0x00007f8da8073000,0x00007f8da8173000] [id=11236]
  0x00007f8da40b6000 ConcurrentGCThread "G1 Refine#0" [stack: 0x00007f8d8c0ba000,0x00007f8d8c1ba000] [id=11237]
  0x00007f8da40b7800 ConcurrentGCThread "G1 Young RemSet Sampling" [stack: 0x00007f8d85150000,0x00007f8d85250000] [id=11238]

Threads with active compile tasks:

VM state:not at safepoint (normal execution)

VM Mutex/Monitor currently owned by a thread: None

Heap address: 0x00000000a4a00000, size: 1462 MB, Compressed Oops mode: 32-bit
Narrow klass base: 0x0000000800000000, Narrow klass shift: 3
Compressed class space size: 1073741824 Address: 0x0000000840000000

Heap:
 garbage-first heap   total 139264K, used 76068K [0x00000000a4a00000, 0x0000000100000000)
  region size 1024K, 40 young (40960K), 5 survivors (5120K)
 Metaspace       used 66785K, capacity 68629K, committed 68816K, reserved 1110016K
  class space    used 8588K, capacity 9310K, committed 9344K, reserved 1048576K
Heap Regions: E=young(eden), S=young(survivor), O=old, HS=humongous(starts), HC=humongous(continues), CS=collection set, F=free, A=archive, TAMS=top-at-mark-start (previous, next)
|   0|0x00000000a4a00000, 0x00000000a4b00000, 0x00000000a4b00000|100%|HS|  |TAMS 0x00000000a4b00000, 0x00000000a4a00000| Complete 
|   1|0x00000000a4b00000, 0x00000000a4c00000, 0x00000000a4c00000|100%| O|  |TAMS 0x00000000a4c00000, 0x00000000a4b00000| Untracked 
|   2|0x00000000a4c00000, 0x00000000a4d00000, 0x00000000a4d00000|100%| O|  |TAMS 0x00000000a4d00000, 0x00000000a4c00000| Untracked 
|   3|0x00000000a4d00000, 0x00000000a4e00000, 0x00000000a4e00000|100%| O|  |TAMS 0x00000000a4e00000, 0x00000000a4d00000| Untracked 
|   4|0x00000000a4e00000, 0x00000000a4f00000, 0x00000000a4f00000|100%| O|  |TAMS 0x00000000a4f00000, 0x00000000a4e00000| Untracked 
|   5|0x00000000a4f00000, 0x00000000a5000000, 0x00000000a5000000|100%| O|  |TAMS 0x00000000a5000000, 0x00000000a4f00000| Untracked 
|   6|0x00000000a5000000, 0x00000000a5100000, 0x00000000a5100000|100%| O|  |TAMS 0x00000000a5100000, 0x00000000a5000000| Untracked 
|   7|0x00000000a5100000, 0x00000000a5200000, 0x00000000a5200000|100%| O|  |TAMS 0x00000000a5200000, 0x00000000a5100000| Untracked 
|   8|0x00000000a5200000, 0x00000000a5300000, 0x00000000a5300000|100%| O|  |TAMS 0x00000000a5300000, 0x00000000a5200000| Untracked 
|   9|0x00000000a5300000, 0x00000000a5400000, 0x00000000a5400000|100%| O|  |TAMS 0x00000000a5400000, 0x00000000a5300000| Untracked 
|  10|0x00000000a5400000, 0x00000000a5500000, 0x00000000a5500000|100%| O|  |TAMS 0x00000000a5500000, 0x00000000a5400000| Untracked 
|  11|0x00000000a5500000, 0x00000000a5600000, 0x00000000a5600000|100%| O|  |TAMS 0x00000000a5600000, 0x00000000a5500000| Untracked 
|  12|0x00000000a5600000, 0x00000000a5700000, 0x00000000a5700000|100%| O|  |TAMS 0x00000000a5700000, 0x00000000a5600000| Untracked 
|  13|0x00000000a5700000, 0x00000000a5800000, 0x00000000a5800000|100%| O|  |TAMS 0x00000000a5800000, 0x00000000a5700000| Untracked 
|  14|0x00000000a5800000, 0x00000000a5900000, 0x00000000a5900000|100%| O|  |TAMS 0x00000000a5864600, 0x00000000a5800000| Untracked 
|  15|0x00000000a5900000, 0x00000000a5a00000, 0x00000000a5a00000|100%| O|  |TAMS 0x00000000a5900000, 0x00000000a5900000| Untracked 
|  16|0x00000000a5a00000, 0x00000000a5b00000, 0x00000000a5b00000|100%| O|  |TAMS 0x00000000a5a00000, 0x00000000a5a00000| Untracked 
|  17|0x00000000a5b00000, 0x00000000a5c00000, 0x00000000a5c00000|100%| O|  |TAMS 0x00000000a5b00000, 0x00000000a5b00000| Untracked 
|  18|0x00000000a5c00000, 0x00000000a5d00000, 0x00000000a5d00000|100%| O|  |TAMS 0x00000000a5c00000, 0x00000000a5c00000| Untracked 
|  19|0x00000000a5d00000, 0x00000000a5e00000, 0x00000000a5e00000|100%| O|  |TAMS 0x00000000a5d00000, 0x00000000a5d00000| Untracked 
|  20|0x00000000a5e00000, 0x00000000a5f00000, 0x00000000a5f00000|100%| O|  |TAMS 0x00000000a5e00000, 0x00000000a5e00000| Untracked 
|  21|0x00000000a5f00000, 0x00000000a6000000, 0x00000000a6000000|100%| O|  |TAMS 0x00000000a5f00000, 0x00000000a5f00000| Untracked 
|  22|0x00000000a6000000, 0x00000000a6100000, 0x00000000a6100000|100%| O|  |TAMS 0x00000000a6000000, 0x00000000a6000000| Untracked 
|  23|0x00000000a6100000, 0x00000000a6200000, 0x00000000a6200000|100%| O|  |TAMS 0x00000000a6100000, 0x00000000a6100000| Untracked 
|  24|0x00000000a6200000, 0x00000000a6300000, 0x00000000a6300000|100%| O|  |TAMS 0x00000000a6200000, 0x00000000a6200000| Untracked 
|  25|0x00000000a6300000, 0x00000000a6400000, 0x00000000a6400000|100%| O|  |TAMS 0x00000000a6300000, 0x00000000a6300000| Untracked 
|  26|0x00000000a6400000, 0x00000000a6500000, 0x00000000a6500000|100%| O|  |TAMS 0x00000000a6400000, 0x00000000a6400000| Untracked 
|  27|0x00000000a6500000, 0x00000000a6600000, 0x00000000a6600000|100%| O|  |TAMS 0x00000000a6500000, 0x00000000a6500000| Untracked 
|  28|0x00000000a6600000, 0x00000000a6700000, 0x00000000a6700000|100%| O|  |TAMS 0x00000000a6600000, 0x00000000a6600000| Untracked 
|  29|0x00000000a6700000, 0x00000000a6800000, 0x00000000a6800000|100%| O|  |TAMS 0x00000000a6700000, 0x00000000a6700000| Untracked 
|  30|0x00000000a6800000, 0x00000000a6900000, 0x00000000a6900000|100%| O|  |TAMS 0x00000000a6800000, 0x00000000a6800000| Untracked 
|  31|0x00000000a6900000, 0x00000000a6a00000, 0x00000000a6a00000|100%| O|  |TAMS 0x00000000a6900000, 0x00000000a6900000| Untracked 
|  32|0x00000000a6a00000, 0x00000000a6b00000, 0x00000000a6b00000|100%| O|  |TAMS 0x00000000a6a00000, 0x00000000a6a00000| Untracked 
|  33|0x00000000a6b00000, 0x00000000a6c00000, 0x00000000a6c00000|100%| O|  |TAMS 0x00000000a6b00000, 0x00000000a6b00000| Untracked 
|  34|0x00000000a6c00000, 0x00000000a6d00000, 0x00000000a6d00000|100%| O|  |TAMS 0x00000000a6c00000, 0x00000000a6c00000| Untracked 
|  35|0x00000000a6d00000, 0x00000000a6dce200, 0x00000000a6e00000| 80%| O|  |TAMS 0x00000000a6d00000, 0x00000000a6d00000| Untracked 
|  36|0x00000000a6e00000, 0x00000000a6e00000, 0x00000000a6f00000|  0%| F|  |TAMS 0x00000000a6e00000, 0x00000000a6e00000| Untracked 
|  37|0x00000000a6f00000, 0x00000000a6f00000, 0x00000000a7000000|  0%| F|  |TAMS 0x00000000a6f00000, 0x00000000a6f00000| Untracked 
|  38|0x00000000a7000000, 0x00000000a7000000, 0x00000000a7100000|  0%| F|  |TAMS 0x00000000a7000000, 0x00000000a7000000| Untracked 
|  39|0x00000000a7100000, 0x00000000a7100000, 0x00000000a7200000|  0%| F|  |TAMS 0x00000000a7100000, 0x00000000a7100000| Untracked 
|  40|0x00000000a7200000, 0x00000000a7200000, 0x00000000a7300000|  0%| F|  |TAMS 0x00000000a7200000, 0x00000000a7200000| Untracked 
|  41|0x00000000a7300000, 0x00000000a7300000, 0x00000000a7400000|  0%| F|  |TAMS 0x00000000a7300000, 0x00000000a7300000| Untracked 
|  42|0x00000000a7400000, 0x00000000a7400000, 0x00000000a7500000|  0%| F|  |TAMS 0x00000000a7400000, 0x00000000a7400000| Untracked 
|  43|0x00000000a7500000, 0x00000000a7500000, 0x00000000a7600000|  0%| F|  |TAMS 0x00000000a7500000, 0x00000000a7500000| Untracked 
|  44|0x00000000a7600000, 0x00000000a7600000, 0x00000000a7700000|  0%| F|  |TAMS 0x00000000a7600000, 0x00000000a7600000| Untracked 
|  45|0x00000000a7700000, 0x00000000a7700000, 0x00000000a7800000|  0%| F|  |TAMS 0x00000000a7700000, 0x00000000a7700000| Untracked 
|  46|0x00000000a7800000, 0x00000000a7800000, 0x00000000a7900000|  0%| F|  |TAMS 0x00000000a7800000, 0x00000000a7800000| Untracked 
|  47|0x00000000a7900000, 0x00000000a7900000, 0x00000000a7a00000|  0%| F|  |TAMS 0x00000000a7900000, 0x00000000a7900000| Untracked 
|  48|0x00000000a7a00000, 0x00000000a7a00000, 0x00000000a7b00000|  0%| F|  |TAMS 0x00000000a7a00000, 0x00000000a7a00000| Untracked 
|  49|0x00000000a7b00000, 0x00000000a7b00000, 0x00000000a7c00000|  0%| F|  |TAMS 0x00000000a7b00000, 0x00000000a7b00000| Untracked 
|  50|0x00000000a7c00000, 0x00000000a7c00000, 0x00000000a7d00000|  0%| F|  |TAMS 0x00000000a7c00000, 0x00000000a7c00000| Untracked 
|  51|0x00000000a7d00000, 0x00000000a7d00000, 0x00000000a7e00000|  0%| F|  |TAMS 0x00000000a7d00000, 0x00000000a7d00000| Untracked 
|  52|0x00000000a7e00000, 0x00000000a7e00000, 0x00000000a7f00000|  0%| F|  |TAMS 0x00000000a7e00000, 0x00000000a7e00000| Untracked 
|  53|0x00000000a7f00000, 0x00000000a7f00000, 0x00000000a8000000|  0%| F|  |TAMS 0x00000000a7f00000, 0x00000000a7f00000| Untracked 
|  54|0x00000000a8000000, 0x00000000a8000000, 0x00000000a8100000|  0%| F|  |TAMS 0x00000000a8000000, 0x00000000a8000000| Untracked 
|  55|0x00000000a8100000, 0x00000000a8100000, 0x00000000a8200000|  0%| F|  |TAMS 0x00000000a8100000, 0x00000000a8100000| Untracked 
|  56|0x00000000a8200000, 0x00000000a8200000, 0x00000000a8300000|  0%| F|  |TAMS 0x00000000a8200000, 0x00000000a8200000| Untracked 
|  57|0x00000000a8300000, 0x00000000a8300000, 0x00000000a8400000|  0%| F|  |TAMS 0x00000000a8300000, 0x00000000a8300000| Untracked 
|  58|0x00000000a8400000, 0x00000000a8400000, 0x00000000a8500000|  0%| F|  |TAMS 0x00000000a8400000, 0x00000000a8400000| Untracked 
|  59|0x00000000a8500000, 0x00000000a8500000, 0x00000000a8600000|  0%| F|  |TAMS 0x00000000a8500000, 0x00000000a8500000| Untracked 
|  60|0x00000000a8600000, 0x00000000a86c8f50, 0x00000000a8700000| 78%| S|CS|TAMS 0x00000000a8600000, 0x00000000a8600000| Complete 
|  61|0x00000000a8700000, 0x00000000a8800000, 0x00000000a8800000|100%| S|CS|TAMS 0x00000000a8700000, 0x00000000a8700000| Complete 
|  62|0x00000000a8800000, 0x00000000a8900000, 0x00000000a8900000|100%| S|CS|TAMS 0x00000000a8800000, 0x00000000a8800000| Complete 
|  63|0x00000000a8900000, 0x00000000a8a00000, 0x00000000a8a00000|100%| S|CS|TAMS 0x00000000a8900000, 0x00000000a8900000| Complete 
|  64|0x00000000a8a00000, 0x00000000a8b00000, 0x00000000a8b00000|100%| S|CS|TAMS 0x00000000a8a00000, 0x00000000a8a00000| Complete 
|  65|0x00000000a8b00000, 0x00000000a8b00000, 0x00000000a8c00000|  0%| F|  |TAMS 0x00000000a8b00000, 0x00000000a8b00000| Untracked 
|  66|0x00000000a8c00000, 0x00000000a8c00000, 0x00000000a8d00000|  0%| F|  |TAMS 0x00000000a8c00000, 0x00000000a8c00000| Untracked 
|  67|0x00000000a8d00000, 0x00000000a8d00000, 0x00000000a8e00000|  0%| F|  |TAMS 0x00000000a8d00000, 0x00000000a8d00000| Untracked 
|  68|0x00000000a8e00000, 0x00000000a8e00000, 0x00000000a8f00000|  0%| F|  |TAMS 0x00000000a8e00000, 0x00000000a8e00000| Untracked 
|  69|0x00000000a8f00000, 0x00000000a8f00000, 0x00000000a9000000|  0%| F|  |TAMS 0x00000000a8f00000, 0x00000000a8f00000| Untracked 
|  70|0x00000000a9000000, 0x00000000a9000000, 0x00000000a9100000|  0%| F|  |TAMS 0x00000000a9000000, 0x00000000a9000000| Untracked 
|  71|0x00000000a9100000, 0x00000000a9100000, 0x00000000a9200000|  0%| F|  |TAMS 0x00000000a9100000, 0x00000000a9100000| Untracked 
|  72|0x00000000a9200000, 0x00000000a9200000, 0x00000000a9300000|  0%| F|  |TAMS 0x00000000a9200000, 0x00000000a9200000| Untracked 
|  73|0x00000000a9300000, 0x00000000a9300000, 0x00000000a9400000|  0%| F|  |TAMS 0x00000000a9300000, 0x00000000a9300000| Untracked 
|  74|0x00000000a9400000, 0x00000000a9400000, 0x00000000a9500000|  0%| F|  |TAMS 0x00000000a9400000, 0x00000000a9400000| Untracked 
|  75|0x00000000a9500000, 0x00000000a9500000, 0x00000000a9600000|  0%| F|  |TAMS 0x00000000a9500000, 0x00000000a9500000| Untracked 
|  76|0x00000000a9600000, 0x00000000a9600000, 0x00000000a9700000|  0%| F|  |TAMS 0x00000000a9600000, 0x00000000a9600000| Untracked 
|  77|0x00000000a9700000, 0x00000000a9700000, 0x00000000a9800000|  0%| F|  |TAMS 0x00000000a9700000, 0x00000000a9700000| Untracked 
|  78|0x00000000a9800000, 0x00000000a9800000, 0x00000000a9900000|  0%| F|  |TAMS 0x00000000a9800000, 0x00000000a9800000| Untracked 
|  79|0x00000000a9900000, 0x00000000a9900000, 0x00000000a9a00000|  0%| F|  |TAMS 0x00000000a9900000, 0x00000000a9900000| Untracked 
|  80|0x00000000a9a00000, 0x00000000a9a00000, 0x00000000a9b00000|  0%| F|  |TAMS 0x00000000a9a00000, 0x00000000a9a00000| Untracked 
|  81|0x00000000a9b00000, 0x00000000a9b00000, 0x00000000a9c00000|  0%| F|  |TAMS 0x00000000a9b00000, 0x00000000a9b00000| Untracked 
|  82|0x00000000a9c00000, 0x00000000a9c00000, 0x00000000a9d00000|  0%| F|  |TAMS 0x00000000a9c00000, 0x00000000a9c00000| Untracked 
|  83|0x00000000a9d00000, 0x00000000a9d00000, 0x00000000a9e00000|  0%| F|  |TAMS 0x00000000a9d00000, 0x00000000a9d00000| Untracked 
|  84|0x00000000a9e00000, 0x00000000a9e00000, 0x00000000a9f00000|  0%| F|  |TAMS 0x00000000a9e00000, 0x00000000a9e00000| Untracked 
|  85|0x00000000a9f00000, 0x00000000a9f00000, 0x00000000aa000000|  0%| F|  |TAMS 0x00000000a9f00000, 0x00000000a9f00000| Untracked 
|  86|0x00000000aa000000, 0x00000000aa000000, 0x00000000aa100000|  0%| F|  |TAMS 0x00000000aa000000, 0x00000000aa000000| Untracked 
|  87|0x00000000aa100000, 0x00000000aa100000, 0x00000000aa200000|  0%| F|  |TAMS 0x00000000aa100000, 0x00000000aa100000| Untracked 
|  88|0x00000000aa200000, 0x00000000aa200000, 0x00000000aa300000|  0%| F|  |TAMS 0x00000000aa200000, 0x00000000aa200000| Untracked 
|  89|0x00000000aa300000, 0x00000000aa300000, 0x00000000aa400000|  0%| F|  |TAMS 0x00000000aa300000, 0x00000000aa300000| Untracked 
|  90|0x00000000aa400000, 0x00000000aa400000, 0x00000000aa500000|  0%| F|  |TAMS 0x00000000aa400000, 0x00000000aa400000| Untracked 
|  91|0x00000000aa500000, 0x00000000aa500000, 0x00000000aa600000|  0%| F|  |TAMS 0x00000000aa500000, 0x00000000aa500000| Untracked 
|  92|0x00000000aa600000, 0x00000000aa600000, 0x00000000aa700000|  0%| F|  |TAMS 0x00000000aa600000, 0x00000000aa600000| Untracked 
|  93|0x00000000aa700000, 0x00000000aa700000, 0x00000000aa800000|  0%| F|  |TAMS 0x00000000aa700000, 0x00000000aa700000| Untracked 
|  94|0x00000000aa800000, 0x00000000aa800000, 0x00000000aa900000|  0%| F|  |TAMS 0x00000000aa800000, 0x00000000aa800000| Untracked 
|  95|0x00000000aa900000, 0x00000000aa900000, 0x00000000aaa00000|  0%| F|  |TAMS 0x00000000aa900000, 0x00000000aa900000| Untracked 
|  96|0x00000000aaa00000, 0x00000000aaa00000, 0x00000000aab00000|  0%| F|  |TAMS 0x00000000aaa00000, 0x00000000aaa00000| Untracked 
|  97|0x00000000aab00000, 0x00000000aab00000, 0x00000000aac00000|  0%| F|  |TAMS 0x00000000aab00000, 0x00000000aab00000| Untracked 
|  98|0x00000000aac00000, 0x00000000aac00000, 0x00000000aad00000|  0%| F|  |TAMS 0x00000000aac00000, 0x00000000aac00000| Untracked 
|  99|0x00000000aad00000, 0x00000000aad80800, 0x00000000aae00000| 50%| E|  |TAMS 0x00000000aad00000, 0x00000000aad00000| Complete 
| 100|0x00000000aae00000, 0x00000000aaf00000, 0x00000000aaf00000|100%| E|CS|TAMS 0x00000000aae00000, 0x00000000aae00000| Complete 
| 101|0x00000000aaf00000, 0x00000000ab000000, 0x00000000ab000000|100%| E|CS|TAMS 0x00000000aaf00000, 0x00000000aaf00000| Complete 
| 102|0x00000000ab000000, 0x00000000ab100000, 0x00000000ab100000|100%| E|CS|TAMS 0x00000000ab000000, 0x00000000ab000000| Complete 
| 103|0x00000000ab100000, 0x00000000ab200000, 0x00000000ab200000|100%| E|CS|TAMS 0x00000000ab100000, 0x00000000ab100000| Complete 
| 104|0x00000000ab200000, 0x00000000ab300000, 0x00000000ab300000|100%| E|CS|TAMS 0x00000000ab200000, 0x00000000ab200000| Complete 
| 105|0x00000000ab300000, 0x00000000ab400000, 0x00000000ab400000|100%| E|CS|TAMS 0x00000000ab300000, 0x00000000ab300000| Complete 
| 106|0x00000000ab400000, 0x00000000ab500000, 0x00000000ab500000|100%| E|CS|TAMS 0x00000000ab400000, 0x00000000ab400000| Complete 
| 107|0x00000000ab500000, 0x00000000ab600000, 0x00000000ab600000|100%| E|CS|TAMS 0x00000000ab500000, 0x00000000ab500000| Complete 
| 108|0x00000000ab600000, 0x00000000ab700000, 0x00000000ab700000|100%| E|CS|TAMS 0x00000000ab600000, 0x00000000ab600000| Complete 
| 109|0x00000000ab700000, 0x00000000ab800000, 0x00000000ab800000|100%| E|CS|TAMS 0x00000000ab700000, 0x00000000ab700000| Complete 
| 110|0x00000000ab800000, 0x00000000ab900000, 0x00000000ab900000|100%| E|CS|TAMS 0x00000000ab800000, 0x00000000ab800000| Complete 
| 111|0x00000000ab900000, 0x00000000aba00000, 0x00000000aba00000|100%| E|CS|TAMS 0x00000000ab900000, 0x00000000ab900000| Complete 
| 112|0x00000000aba00000, 0x00000000abb00000, 0x00000000abb00000|100%| E|  |TAMS 0x00000000aba00000, 0x00000000aba00000| Complete 
| 113|0x00000000abb00000, 0x00000000abc00000, 0x00000000abc00000|100%| E|CS|TAMS 0x00000000abb00000, 0x00000000abb00000| Complete 
| 114|0x00000000abc00000, 0x00000000abd00000, 0x00000000abd00000|100%| E|CS|TAMS 0x00000000abc00000, 0x00000000abc00000| Complete 
| 115|0x00000000abd00000, 0x00000000abe00000, 0x00000000abe00000|100%| E|CS|TAMS 0x00000000abd00000, 0x00000000abd00000| Complete 
| 116|0x00000000abe00000, 0x00000000abf00000, 0x00000000abf00000|100%| E|CS|TAMS 0x00000000abe00000, 0x00000000abe00000| Complete 
| 117|0x00000000abf00000, 0x00000000ac000000, 0x00000000ac000000|100%| E|CS|TAMS 0x00000000abf00000, 0x00000000abf00000| Complete 
| 118|0x00000000ac000000, 0x00000000ac100000, 0x00000000ac100000|100%| E|CS|TAMS 0x00000000ac000000, 0x00000000ac000000| Complete 
| 119|0x00000000ac100000, 0x00000000ac200000, 0x00000000ac200000|100%| E|CS|TAMS 0x00000000ac100000, 0x00000000ac100000| Complete 
| 120|0x00000000ac200000, 0x00000000ac300000, 0x00000000ac300000|100%| E|CS|TAMS 0x00000000ac200000, 0x00000000ac200000| Complete 
| 121|0x00000000ac300000, 0x00000000ac400000, 0x00000000ac400000|100%| E|CS|TAMS 0x00000000ac300000, 0x00000000ac300000| Complete 
| 122|0x00000000ac400000, 0x00000000ac500000, 0x00000000ac500000|100%| E|CS|TAMS 0x00000000ac400000, 0x00000000ac400000| Complete 
| 123|0x00000000ac500000, 0x00000000ac600000, 0x00000000ac600000|100%| E|CS|TAMS 0x00000000ac500000, 0x00000000ac500000| Complete 
| 124|0x00000000ac600000, 0x00000000ac700000, 0x00000000ac700000|100%| E|CS|TAMS 0x00000000ac600000, 0x00000000ac600000| Complete 
| 125|0x00000000ac700000, 0x00000000ac800000, 0x00000000ac800000|100%| E|CS|TAMS 0x00000000ac700000, 0x00000000ac700000| Complete 
| 126|0x00000000ac800000, 0x00000000ac900000, 0x00000000ac900000|100%| E|CS|TAMS 0x00000000ac800000, 0x00000000ac800000| Complete 
| 127|0x00000000ac900000, 0x00000000aca00000, 0x00000000aca00000|100%| E|CS|TAMS 0x00000000ac900000, 0x00000000ac900000| Complete 
| 128|0x00000000aca00000, 0x00000000acb00000, 0x00000000acb00000|100%| E|CS|TAMS 0x00000000aca00000, 0x00000000aca00000| Complete 
| 129|0x00000000acb00000, 0x00000000acc00000, 0x00000000acc00000|100%| E|CS|TAMS 0x00000000acb00000, 0x00000000acb00000| Complete 
| 130|0x00000000acc00000, 0x00000000acd00000, 0x00000000acd00000|100%| E|CS|TAMS 0x00000000acc00000, 0x00000000acc00000| Complete 
| 131|0x00000000acd00000, 0x00000000ace00000, 0x00000000ace00000|100%| E|CS|TAMS 0x00000000acd00000, 0x00000000acd00000| Complete 
| 132|0x00000000ace00000, 0x00000000acf00000, 0x00000000acf00000|100%| E|CS|TAMS 0x00000000ace00000, 0x00000000ace00000| Complete 
| 133|0x00000000acf00000, 0x00000000ad000000, 0x00000000ad000000|100%| E|CS|TAMS 0x00000000acf00000, 0x00000000acf00000| Complete 
|1460|0x00000000ffe00000, 0x00000000ffe47000, 0x00000000fff00000| 27%|OA|  |TAMS 0x00000000ffe47000, 0x00000000ffe00000| Untracked 
|1461|0x00000000fff00000, 0x00000000fff6b000, 0x0000000100000000| 41%|CA|  |TAMS 0x00000000fff6b000, 0x00000000fff00000| Untracked 

Card table byte_map: [0x00007f8da8275000,0x00007f8da8550000] _byte_map_base: 0x00007f8da7d50000

Marking Bits (Prev, Next): (CMBitMap*) 0x00007f8da4050f10, (CMBitMap*) 0x00007f8da4050ed8
 Prev Bits: [0x00007f8d85250000, 0x00007f8d86928000)
 Next Bits: [0x00007f8d86928000, 0x00007f8d88000000)

Polling page: 0x00007f8dad0c0000

Metaspace:

Usage:
  Non-class:     57,93 MB capacity,    56,83 MB ( 98%) used,   891,34 KB (  2%) free+waste,   230,81 KB ( <1%) overhead. 
      Class:      9,09 MB capacity,     8,39 MB ( 92%) used,   615,60 KB (  7%) free+waste,   105,50 KB (  1%) overhead. 
       Both:     67,02 MB capacity,    65,22 MB ( 97%) used,     1,47 MB (  2%) free+waste,   336,31 KB ( <1%) overhead. 

Virtual space:
  Non-class space:       60,00 MB reserved,      58,08 MB ( 97%) committed 
      Class space:        1,00 GB reserved,       9,12 MB ( <1%) committed 
             Both:        1,06 GB reserved,      67,20 MB (  6%) committed 

Chunk freelists:
   Non-Class:  25,00 KB
       Class:  2,00 KB
        Both:  27,00 KB

MaxMetaspaceSize: unlimited
CompressedClassSpaceSize: 1,00 GB

CodeHeap 'non-profiled nmethods': size=120032Kb used=4918Kb max_used=4918Kb free=115114Kb
 bounds [0x00007f8d94361000, 0x00007f8d94831000, 0x00007f8d9b899000]
CodeHeap 'profiled nmethods': size=120032Kb used=15764Kb max_used=15764Kb free=104267Kb
 bounds [0x00007f8d8ce29000, 0x00007f8d8dd99000, 0x00007f8d94361000]
CodeHeap 'non-nmethods': size=5696Kb used=1312Kb max_used=1393Kb free=4383Kb
 bounds [0x00007f8d8c899000, 0x00007f8d8cb09000, 0x00007f8d8ce29000]
 total_blobs=7919 nmethods=7293 adapters=545
 compilation: enabled
              stopped_count=0, restarted_count=0
 full_count=0

Compilation events (20 events):
Event: 8952,592 Thread 0x00007f8da40fd000 7573       3       sun.security.ec.point.ProjectivePoint$Mutable::<init> (38 bytes)
Event: 8952,593 Thread 0x00007f8da40fd000 nmethod 7573 0x00007f8d8dd8d010 code [0x00007f8d8dd8d240, 0x00007f8d8dd8da10]
Event: 8952,598 Thread 0x00007f8da40fd000 7574       3       sun.security.jca.ProviderList::getProvider (19 bytes)
Event: 8952,599 Thread 0x00007f8da40fd000 nmethod 7574 0x00007f8d8dd8dc10 code [0x00007f8d8dd8de00, 0x00007f8d8dd8e0d0]
Event: 8952,599 Thread 0x00007f8da40fd000 7575       3       sun.security.jca.ProviderList::getProviderConfig (22 bytes)
Event: 8952,599 Thread 0x00007f8da40fd000 nmethod 7575 0x00007f8d8dd8e290 code [0x00007f8d8dd8e460, 0x00007f8d8dd8e660]
Event: 8952,601 Thread 0x00007f8da40fd000 7576       3       java.math.BigInteger::subtract (126 bytes)
Event: 8952,602 Thread 0x00007f8da40fd000 nmethod 7576 0x00007f8d8dd8e790 code [0x00007f8d8dd8e9e0, 0x00007f8d8dd8f0d0]
Event: 8952,913 Thread 0x00007f8da40fd000 7577  s    3       java.util.Properties::remove (9 bytes)
Event: 8952,914 Thread 0x00007f8da40fd000 nmethod 7577 0x00007f8d8dd8f310 code [0x00007f8d8dd8f4e0, 0x00007f8d8dd8f8e0]
Event: 8952,914 Thread 0x00007f8da40fd000 7578       1       java.net.InetAddress$InetAddressHolder::getHostName (5 bytes)
Event: 8952,914 Thread 0x00007f8da40fd000 nmethod 7578 0x00007f8d9482d090 code [0x00007f8d9482d240, 0x00007f8d9482d310]
Event: 8952,937 Thread 0x00007f8da40fb000 7579       4       java.math.MutableBigInteger::normalize (91 bytes)
Event: 8952,940 Thread 0x00007f8da40fb000 nmethod 7579 0x00007f8d9482d390 code [0x00007f8d9482d540, 0x00007f8d9482d6f8]
Event: 8952,941 Thread 0x00007f8da40fb000 7580       4       com.sun.crypto.provider.HmacCore::engineInit (152 bytes)
Event: 8952,942 Thread 0x00007f8da40fd000 7581       3       sun.security.rsa.RSAPublicKeyImpl::getAlgorithm (8 bytes)
Event: 8952,942 Thread 0x00007f8da40fd000 nmethod 7581 0x00007f8d8dd8fa10 code [0x00007f8d8dd8fbc0, 0x00007f8d8dd8fd20]
Event: 8952,948 Thread 0x00007f8da40fd000 7582       3       com.mysql.cj.protocol.a.NativeProtocol::getServerSession (5 bytes)
Event: 8952,949 Thread 0x00007f8da40fd000 nmethod 7582 0x00007f8d8dd8fe10 code [0x00007f8d8dd8ffc0, 0x00007f8d8dd900f0]
Event: 8952,964 Thread 0x00007f8da40fb000 nmethod 7580 0x00007f8d9482d890 code [0x00007f8d9482da60, 0x00007f8d9482e418]

GC Heap History (20 events):
Event: 15,325 GC heap before
{Heap before GC invocations=14 (full 0):
 garbage-first heap   total 139264K, used 98393K [0x00000000a4a00000, 0x0000000100000000)
  region size 1024K, 81 young (82944K), 10 survivors (10240K)
 Metaspace       used 58141K, capacity 59773K, committed 60112K, reserved 1101824K
  class space    used 7621K, capacity 8225K, committed 8320K, reserved 1048576K
}
Event: 15,351 GC heap after
{Heap after GC invocations=15 (full 0):
 garbage-first heap   total 139264K, used 29311K [0x00000000a4a00000, 0x0000000100000000)
  region size 1024K, 4 young (4096K), 4 survivors (4096K)
 Metaspace       used 58141K, capacity 59773K, committed 60112K, reserved 1101824K
  class space    used 7621K, capacity 8225K, committed 8320K, reserved 1048576K
}
Event: 199,343 GC heap before
{Heap before GC invocations=15 (full 0):
 garbage-first heap   total 139264K, used 103039K [0x00000000a4a00000, 0x0000000100000000)
  region size 1024K, 76 young (77824K), 4 survivors (4096K)
 Metaspace       used 61907K, capacity 63622K, committed 63952K, reserved 1103872K
  class space    used 8093K, capacity 8780K, committed 8832K, reserved 1048576K
}
Event: 199,366 GC heap after
{Heap after GC invocations=16 (full 0):
 garbage-first heap   total 139264K, used 31791K [0x00000000a4a00000, 0x0000000100000000)
  region size 1024K, 7 young (7168K), 7 survivors (7168K)
 Metaspace       used 61907K, capacity 63622K, committed 63952K, reserved 1103872K
  class space    used 8093K, capacity 8780K, committed 8832K, reserved 1048576K
}
Event: 1566,533 GC heap before
{Heap before GC invocations=16 (full 0):
 garbage-first heap   total 139264K, used 105519K [0x00000000a4a00000, 0x0000000100000000)
  region size 1024K, 79 young (80896K), 7 survivors (7168K)
 Metaspace       used 61993K, capacity 63751K, committed 63952K, reserved 1103872K
  class space    used 8093K, capacity 8780K, committed 8832K, reserved 1048576K
}
Event: 1566,553 GC heap after
{Heap after GC invocations=17 (full 0):
 garbage-first heap   total 139264K, used 32354K [0x00000000a4a00000, 0x0000000100000000)
  region size 1024K, 4 young (4096K), 4 survivors (4096K)
 Metaspace       used 61993K, capacity 63751K, committed 63952K, reserved 1103872K
  class space    used 8093K, capacity 8780K, committed 8832K, reserved 1048576K
}
Event: 2501,087 GC heap before
{Heap before GC invocations=17 (full 0):
 garbage-first heap   total 139264K, used 107106K [0x00000000a4a00000, 0x0000000100000000)
  region size 1024K, 78 young (79872K), 4 survivors (4096K)
 Metaspace       used 62190K, capacity 63919K, committed 64208K, reserved 1105920K
  class space    used 8100K, capacity 8787K, committed 8832K, reserved 1048576K
}
Event: 2501,183 GC heap after
{Heap after GC invocations=18 (full 0):
 garbage-first heap   total 139264K, used 34754K [0x00000000a4a00000, 0x0000000100000000)
  region size 1024K, 7 young (7168K), 7 survivors (7168K)
 Metaspace       used 62190K, capacity 63919K, committed 64208K, reserved 1105920K
  class space    used 8100K, capacity 8787K, committed 8832K, reserved 1048576K
}
Event: 3574,383 GC heap before
{Heap before GC invocations=18 (full 0):
 garbage-first heap   total 139264K, used 107458K [0x00000000a4a00000, 0x0000000100000000)
  region size 1024K, 79 young (80896K), 7 survivors (7168K)
 Metaspace       used 62275K, capacity 64047K, committed 64208K, reserved 1105920K
  class space    used 8100K, capacity 8787K, committed 8832K, reserved 1048576K
}
Event: 3574,399 GC heap after
{Heap after GC invocations=19 (full 0):
 garbage-first heap   total 139264K, used 36799K [0x00000000a4a00000, 0x0000000100000000)
  region size 1024K, 6 young (6144K), 6 survivors (6144K)
 Metaspace       used 62275K, capacity 64047K, committed 64208K, reserved 1105920K
  class space    used 8100K, capacity 8787K, committed 8832K, reserved 1048576K
}
Event: 4749,963 GC heap before
{Heap before GC invocations=19 (full 0):
 garbage-first heap   total 139264K, used 109503K [0x00000000a4a00000, 0x0000000100000000)
  region size 1024K, 78 young (79872K), 6 survivors (6144K)
 Metaspace       used 62331K, capacity 64049K, committed 64208K, reserved 1105920K
  class space    used 8101K, capacity 8787K, committed 8832K, reserved 1048576K
}
Event: 4749,970 GC heap after
{Heap after GC invocations=20 (full 0):
 garbage-first heap   total 139264K, used 38207K [0x00000000a4a00000, 0x0000000100000000)
  region size 1024K, 7 young (7168K), 7 survivors (7168K)
 Metaspace       used 62331K, capacity 64049K, committed 64208K, reserved 1105920K
  class space    used 8101K, capacity 8787K, committed 8832K, reserved 1048576K
}
Event: 5651,527 GC heap before
{Heap before GC invocations=20 (full 0):
 garbage-first heap   total 139264K, used 111935K [0x00000000a4a00000, 0x0000000100000000)
  region size 1024K, 80 young (81920K), 7 survivors (7168K)
 Metaspace       used 62403K, capacity 64177K, committed 64464K, reserved 1105920K
  class space    used 8101K, capacity 8787K, committed 8832K, reserved 1048576K
}
Event: 5651,533 GC heap after
{Heap after GC invocations=21 (full 0):
 garbage-first heap   total 139264K, used 39128K [0x00000000a4a00000, 0x0000000100000000)
  region size 1024K, 7 young (7168K), 7 survivors (7168K)
 Metaspace       used 62403K, capacity 64177K, committed 64464K, reserved 1105920K
  class space    used 8101K, capacity 8787K, committed 8832K, reserved 1048576K
}
Event: 7010,246 GC heap before
{Heap before GC invocations=21 (full 0):
 garbage-first heap   total 139264K, used 111832K [0x00000000a4a00000, 0x0000000100000000)
  region size 1024K, 78 young (79872K), 7 survivors (7168K)
 Metaspace       used 62405K, capacity 64177K, committed 64464K, reserved 1105920K
  class space    used 8101K, capacity 8787K, committed 8832K, reserved 1048576K
}
Event: 7010,254 GC heap after
{Heap after GC invocations=22 (full 0):
 garbage-first heap   total 139264K, used 38973K [0x00000000a4a00000, 0x0000000100000000)
  region size 1024K, 5 young (5120K), 5 survivors (5120K)
 Metaspace       used 62405K, capacity 64177K, committed 64464K, reserved 1105920K
  class space    used 8101K, capacity 8787K, committed 8832K, reserved 1048576K
}
Event: 7570,341 GC heap before
{Heap before GC invocations=22 (full 0):
 garbage-first heap   total 139264K, used 112701K [0x00000000a4a00000, 0x0000000100000000)
  region size 1024K, 78 young (79872K), 5 survivors (5120K)
 Metaspace       used 66745K, capacity 68564K, committed 68816K, reserved 1110016K
  class space    used 8588K, capacity 9310K, committed 9344K, reserved 1048576K
}
Event: 7570,349 GC heap after
{Heap after GC invocations=23 (full 0):
 garbage-first heap   total 139264K, used 42163K [0x00000000a4a00000, 0x0000000100000000)
  region size 1024K, 8 young (8192K), 8 survivors (8192K)
 Metaspace       used 66745K, capacity 68564K, committed 68816K, reserved 1110016K
  class space    used 8588K, capacity 9310K, committed 9344K, reserved 1048576K
}
Event: 8842,021 GC heap before
{Heap before GC invocations=23 (full 0):
 garbage-first heap   total 139264K, used 111795K [0x00000000a4a00000, 0x0000000100000000)
  region size 1024K, 77 young (78848K), 8 survivors (8192K)
 Metaspace       used 66765K, capacity 68565K, committed 68816K, reserved 1110016K
  class space    used 8588K, capacity 9310K, committed 9344K, reserved 1048576K
}
Event: 8842,056 GC heap after
{Heap after GC invocations=24 (full 0):
 garbage-first heap   total 139264K, used 42276K [0x00000000a4a00000, 0x0000000100000000)
  region size 1024K, 5 young (5120K), 5 survivors (5120K)
 Metaspace       used 66765K, capacity 68565K, committed 68816K, reserved 1110016K
  class space    used 8588K, capacity 9310K, committed 9344K, reserved 1048576K
}

Deoptimization events (20 events):
Event: 8952,939 Thread 0x00007f8d1400e800 DEOPT PACKING pc=0x00007f8d8dc681c1 sp=0x00007f8d7ccb72c0
Event: 8952,939 Thread 0x00007f8d1400e800 DEOPT UNPACKING pc=0x00007f8d8c8cfd3a sp=0x00007f8d7ccb6790 mode 1
Event: 8952,939 Thread 0x00007f8d1400e800 DEOPT PACKING pc=0x00007f8d8dcd897c sp=0x00007f8d7ccb7310
Event: 8952,939 Thread 0x00007f8d1400e800 DEOPT UNPACKING pc=0x00007f8d8c8cfd3a sp=0x00007f8d7ccb67e8 mode 1
Event: 8952,940 Thread 0x00007f8d1400e800 DEOPT PACKING pc=0x00007f8d8dc681c1 sp=0x00007f8d7ccb72b0
Event: 8952,940 Thread 0x00007f8d1400e800 DEOPT UNPACKING pc=0x00007f8d8c8cfd3a sp=0x00007f8d7ccb6780 mode 1
Event: 8952,940 Thread 0x00007f8d1400e800 DEOPT PACKING pc=0x00007f8d8dcd897c sp=0x00007f8d7ccb7300
Event: 8952,940 Thread 0x00007f8d1400e800 DEOPT UNPACKING pc=0x00007f8d8c8cfd3a sp=0x00007f8d7ccb67d8 mode 1
Event: 8952,941 Thread 0x00007f8d1400e800 DEOPT PACKING pc=0x00007f8d8d7bc434 sp=0x00007f8d7ccb6fc0
Event: 8952,941 Thread 0x00007f8d1400e800 DEOPT UNPACKING pc=0x00007f8d8c8cfd3a sp=0x00007f8d7ccb6580 mode 1
Event: 8952,942 Thread 0x00007f8d1400e800 DEOPT PACKING pc=0x00007f8d8d7bc434 sp=0x00007f8d7ccb6fc0
Event: 8952,942 Thread 0x00007f8d1400e800 DEOPT UNPACKING pc=0x00007f8d8c8cfd3a sp=0x00007f8d7ccb6580 mode 1
Event: 8952,944 Thread 0x00007f8d1400e800 DEOPT PACKING pc=0x00007f8d8dc681c1 sp=0x00007f8d7ccb7380
Event: 8952,944 Thread 0x00007f8d1400e800 DEOPT UNPACKING pc=0x00007f8d8c8cfd3a sp=0x00007f8d7ccb6850 mode 1
Event: 8952,944 Thread 0x00007f8d1400e800 DEOPT PACKING pc=0x00007f8d8dcd897c sp=0x00007f8d7ccb73d0
Event: 8952,944 Thread 0x00007f8d1400e800 DEOPT UNPACKING pc=0x00007f8d8c8cfd3a sp=0x00007f8d7ccb68a8 mode 1
Event: 8952,945 Thread 0x00007f8d1400e800 DEOPT PACKING pc=0x00007f8d8dc681c1 sp=0x00007f8d7ccb71c0
Event: 8952,945 Thread 0x00007f8d1400e800 DEOPT UNPACKING pc=0x00007f8d8c8cfd3a sp=0x00007f8d7ccb6690 mode 1
Event: 8952,945 Thread 0x00007f8d1400e800 DEOPT PACKING pc=0x00007f8d8dcd897c sp=0x00007f8d7ccb7210
Event: 8952,945 Thread 0x00007f8d1400e800 DEOPT UNPACKING pc=0x00007f8d8c8cfd3a sp=0x00007f8d7ccb66e8 mode 1

Classes redefined (0 events):
No events

Internal exceptions (20 events):
Event: 5355,445 Thread 0x00007f8d1400b800 Exception <a 'java/net/SocketException'{0x00000000aa8c5000}> (0x00000000aa8c5000) thrown at [./src/hotspot/share/prims/jni.cpp, line 615]
Event: 5356,604 Thread 0x00007f8d1400b800 Exception <a 'java/net/SocketException'{0x00000000aa8c6ad8}> (0x00000000aa8c6ad8) thrown at [./src/hotspot/share/prims/jni.cpp, line 615]
Event: 5366,496 Thread 0x00007f8d1400b800 Exception <a 'java/net/SocketException'{0x00000000aa2c11d0}> (0x00000000aa2c11d0) thrown at [./src/hotspot/share/prims/jni.cpp, line 615]
Event: 5369,582 Thread 0x00007f8d1400b800 Exception <a 'java/net/SocketException'{0x00000000aa2c2ca8}> (0x00000000aa2c2ca8) thrown at [./src/hotspot/share/prims/jni.cpp, line 615]
Event: 5370,065 Thread 0x00007f8d1400b800 Exception <a 'java/net/SocketException'{0x00000000aa2c4780}> (0x00000000aa2c4780) thrown at [./src/hotspot/share/prims/jni.cpp, line 615]
Event: 5395,016 Thread 0x00007f8d1400b800 Exception <a 'java/net/SocketException'{0x00000000a962ffa0}> (0x00000000a962ffa0) thrown at [./src/hotspot/share/prims/jni.cpp, line 615]
Event: 7095,464 Thread 0x00007f8d1400b800 Exception <a 'java/net/SocketException'{0x00000000ac8819b0}> (0x00000000ac8819b0) thrown at [./src/hotspot/share/prims/jni.cpp, line 615]
Event: 7129,004 Thread 0x00007f8d1400b800 Exception <a 'java/net/SocketException'{0x00000000ac3019b0}> (0x00000000ac3019b0) thrown at [./src/hotspot/share/prims/jni.cpp, line 615]
Event: 7130,744 Thread 0x00007f8d1400b800 Exception <a 'java/net/SocketException'{0x00000000ac303488}> (0x00000000ac303488) thrown at [./src/hotspot/share/prims/jni.cpp, line 615]
Event: 7139,834 Thread 0x00007f8d1400b800 Exception <a 'java/net/SocketException'{0x00000000abe819b0}> (0x00000000abe819b0) thrown at [./src/hotspot/share/prims/jni.cpp, line 615]
Event: 7143,145 Thread 0x00007f8d1400b800 Exception <a 'java/net/SocketException'{0x00000000abe83488}> (0x00000000abe83488) thrown at [./src/hotspot/share/prims/jni.cpp, line 615]
Event: 7154,226 Thread 0x00007f8d1400b800 Exception <a 'java/net/SocketException'{0x00000000ab8856a8}> (0x00000000ab8856a8) thrown at [./src/hotspot/share/prims/jni.cpp, line 615]
Event: 7157,869 Thread 0x00007f8d1400b800 Exception <a 'java/net/SocketException'{0x00000000ab887180}> (0x00000000ab887180) thrown at [./src/hotspot/share/prims/jni.cpp, line 615]
Event: 7159,120 Thread 0x00007f8d1400b800 Exception <a 'java/net/SocketException'{0x00000000ab888c58}> (0x00000000ab888c58) thrown at [./src/hotspot/share/prims/jni.cpp, line 615]
Event: 7356,756 Thread 0x00007f8d2d9b8800 Exception <a 'java/lang/NoSuchMethodError'{0x00000000a951aee0}: 'java.lang.Object java.lang.invoke.DirectMethodHandle$Holder.invokeStaticInit(java.lang.Object, java.lang.Object, java.lang.Object, java.lang.Object, java.lang.Object, java.lang.Object)'> (0x00000000a951aee0) thrown at [./src/hotspot/share/interpreter/linkResolver.cpp, line 773]
Event: 7357,589 Thread 0x00007f8d2d9b8800 Implicit null exception at 0x00007f8d945cbd7e to 0x00007f8d945cc3b0
Event: 8859,301 Thread 0x00007f8d1400a000 Exception <a 'java/net/SocketException'{0x00000000ace02db8}> (0x00000000ace02db8) thrown at [./src/hotspot/share/prims/jni.cpp, line 615]
Event: 8921,174 Thread 0x00007f8d1400a000 Exception <a 'java/net/SocketException'{0x00000000ac32e0e8}> (0x00000000ac32e0e8) thrown at [./src/hotspot/share/prims/jni.cpp, line 615]
Event: 8923,714 Thread 0x00007f8d1400a000 Exception <a 'java/net/SocketException'{0x00000000ac32fbc0}> (0x00000000ac32fbc0) thrown at [./src/hotspot/share/prims/jni.cpp, line 615]
Event: 8928,593 Thread 0x00007f8d1400a000 Exception <a 'java/net/SocketException'{0x00000000ac332de8}> (0x00000000ac332de8) thrown at [./src/hotspot/share/prims/jni.cpp, line 615]

Events (20 events):
Event: 8952,580 Executing VM operation: BulkRevokeBias done
Event: 8952,580 Executing VM operation: BulkRevokeBias
Event: 8952,581 Executing VM operation: BulkRevokeBias done
Event: 8952,581 Executing VM operation: BulkRevokeBias
Event: 8952,582 Executing VM operation: BulkRevokeBias done
Event: 8952,582 Executing VM operation: BulkRevokeBias
Event: 8952,582 Executing VM operation: BulkRevokeBias done
Event: 8952,582 Executing VM operation: BulkRevokeBias
Event: 8952,582 Executing VM operation: BulkRevokeBias done
Event: 8952,583 Executing VM operation: RevokeBias
Event: 8952,583 Executing VM operation: RevokeBias done
Event: 8952,913 Executing VM operation: BulkRevokeBias
Event: 8952,914 Executing VM operation: BulkRevokeBias done
Event: 8957,914 Executing VM operation: RevokeBias
Event: 8957,915 Executing VM operation: RevokeBias done
Event: 8957,915 Thread 0x00007f8d1400a000 Thread exited: 0x00007f8d1400a000
Event: 8957,949 Executing VM operation: RevokeBias
Event: 8957,950 Executing VM operation: RevokeBias done
Event: 8957,950 Thread 0x00007f8d1400e800 Thread exited: 0x00007f8d1400e800
Event: 9058,196 loading class jdk/internal/misc/Signal$1


Dynamic libraries:
a4a00000-ad000000 rw-p 00000000 00:00 0 
ad000000-ffe00000 ---p 00000000 00:00 0 
ffe00000-ffe47000 rw-p 01111000 08:06 9437219                            /usr/lib/jvm/java-11-openjdk-amd64/lib/server/classes.jsa
ffe47000-fff00000 rw-p 00000000 00:00 0 
fff00000-fff6b000 rw-p 010a6000 08:06 9437219                            /usr/lib/jvm/java-11-openjdk-amd64/lib/server/classes.jsa
fff6b000-100000000 rw-p 00000000 00:00 0 
800000000-800002000 rwxp 00001000 08:06 9437219                          /usr/lib/jvm/java-11-openjdk-amd64/lib/server/classes.jsa
800002000-8010a5000 rw-p 00003000 08:06 9437219                          /usr/lib/jvm/java-11-openjdk-amd64/lib/server/classes.jsa
840000000-840920000 rw-p 00000000 00:00 0 
840920000-880000000 ---p 00000000 00:00 0 
563f49e11000-563f49e12000 r-xp 00000000 08:06 9437218                    /usr/lib/jvm/java-11-openjdk-amd64/bin/java
563f4a012000-563f4a013000 r--p 00001000 08:06 9437218                    /usr/lib/jvm/java-11-openjdk-amd64/bin/java
563f4a013000-563f4a014000 rw-p 00002000 08:06 9437218                    /usr/lib/jvm/java-11-openjdk-amd64/bin/java
563f4b5d4000-563f4b63b000 rw-p 00000000 00:00 0                          [heap]
7f8d00000000-7f8d001cd000 rw-p 00000000 00:00 0 
7f8d001cd000-7f8d04000000 ---p 00000000 00:00 0 
7f8d07a00000-7f8d07a40000 rw-p 00000000 00:00 0 
7f8d07a40000-7f8d07c00000 ---p 00000000 00:00 0 
7f8d07c00000-7f8d07e00000 rw-p 00000000 00:00 0 
7f8d07e00000-7f8d08000000 rw-p 00000000 00:00 0 
7f8d08000000-7f8d080bf000 rw-p 00000000 00:00 0 
7f8d080bf000-7f8d0c000000 ---p 00000000 00:00 0 
7f8d0c000000-7f8d0d4f6000 rw-p 00000000 00:00 0 
7f8d0d4f6000-7f8d10000000 ---p 00000000 00:00 0 
7f8d10000000-7f8d10021000 rw-p 00000000 00:00 0 
7f8d10021000-7f8d14000000 ---p 00000000 00:00 0 
7f8d14000000-7f8d14021000 rw-p 00000000 00:00 0 
7f8d14021000-7f8d18000000 ---p 00000000 00:00 0 
7f8d18000000-7f8d18021000 rw-p 00000000 00:00 0 
7f8d18021000-7f8d1c000000 ---p 00000000 00:00 0 
7f8d1c000000-7f8d1c0d3000 rw-p 00000000 00:00 0 
7f8d1c0d3000-7f8d20000000 ---p 00000000 00:00 0 
7f8d200a3000-7f8d200a7000 ---p 00000000 00:00 0 
7f8d200a7000-7f8d201a4000 rw-p 00000000 00:00 0 
7f8d201a4000-7f8d201a8000 ---p 00000000 00:00 0 
7f8d201a8000-7f8d202a5000 rw-p 00000000 00:00 0 
7f8d202a5000-7f8d202a9000 ---p 00000000 00:00 0 
7f8d202a9000-7f8d203a6000 rw-p 00000000 00:00 0 
7f8d203a6000-7f8d203aa000 ---p 00000000 00:00 0 
7f8d203aa000-7f8d204a7000 rw-p 00000000 00:00 0 
7f8d204a7000-7f8d204ab000 ---p 00000000 00:00 0 
7f8d204ab000-7f8d205a8000 rw-p 00000000 00:00 0 
7f8d205a8000-7f8d205ac000 ---p 00000000 00:00 0 
7f8d205ac000-7f8d206a9000 rw-p 00000000 00:00 0 
7f8d206a9000-7f8d206ad000 ---p 00000000 00:00 0 
7f8d206ad000-7f8d207aa000 rw-p 00000000 00:00 0 
7f8d207aa000-7f8d207ae000 ---p 00000000 00:00 0 
7f8d207ae000-7f8d20aab000 rw-p 00000000 00:00 0 
7f8d20b56000-7f8d20b5a000 ---p 00000000 00:00 0 
7f8d20b5a000-7f8d20c57000 rw-p 00000000 00:00 0 
7f8d20c57000-7f8d20c5b000 ---p 00000000 00:00 0 
7f8d20c5b000-7f8d20d58000 rw-p 00000000 00:00 0 
7f8d20d58000-7f8d20d5c000 ---p 00000000 00:00 0 
7f8d20d5c000-7f8d20e59000 rw-p 00000000 00:00 0 
7f8d20e59000-7f8d20e5d000 ---p 00000000 00:00 0 
7f8d20e5d000-7f8d20f5a000 rw-p 00000000 00:00 0 
7f8d20f5a000-7f8d20f5e000 ---p 00000000 00:00 0 
7f8d20f5e000-7f8d2125b000 rw-p 00000000 00:00 0 
7f8d2125b000-7f8d2145b000 rw-p 00000000 00:00 0 
7f8d2145b000-7f8d2165b000 rw-p 00000000 00:00 0 
7f8d2165b000-7f8d2185b000 rw-p 00000000 00:00 0 
7f8d2185b000-7f8d21a5b000 rw-p 00000000 00:00 0 
7f8d21a5b000-7f8d21c5b000 rw-p 00000000 00:00 0 
7f8d21c5b000-7f8d21e5b000 rw-p 00000000 00:00 0 
7f8d21e5b000-7f8d21e5f000 ---p 00000000 00:00 0 
7f8d21e5f000-7f8d21f5c000 rw-p 00000000 00:00 0 
7f8d22020000-7f8d22024000 ---p 00000000 00:00 0 
7f8d22024000-7f8d22321000 rw-p 00000000 00:00 0 
7f8d22321000-7f8d22325000 ---p 00000000 00:00 0 
7f8d22325000-7f8d22622000 rw-p 00000000 00:00 0 
7f8d22622000-7f8d22822000 rw-p 00000000 00:00 0 
7f8d22822000-7f8d2284c000 r-xp 00000000 08:06 9437985                    /usr/lib/jvm/java-11-openjdk-amd64/lib/libsunec.so
7f8d2284c000-7f8d22a4b000 ---p 0002a000 08:06 9437985                    /usr/lib/jvm/java-11-openjdk-amd64/lib/libsunec.so
7f8d22a4b000-7f8d22a4f000 r--p 00029000 08:06 9437985                    /usr/lib/jvm/java-11-openjdk-amd64/lib/libsunec.so
7f8d22a4f000-7f8d22a51000 rw-p 0002d000 08:06 9437985                    /usr/lib/jvm/java-11-openjdk-amd64/lib/libsunec.so
7f8d22a51000-7f8d22c39000 rw-p 00000000 00:00 0 
7f8d22c39000-7f8d22c51000 ---p 00000000 00:00 0 
7f8d22c95000-7f8d22c97000 r-xp 00000000 08:06 9437551                    /usr/lib/jvm/java-11-openjdk-amd64/lib/libextnet.so
7f8d22c97000-7f8d22e96000 ---p 00002000 08:06 9437551                    /usr/lib/jvm/java-11-openjdk-amd64/lib/libextnet.so
7f8d22e96000-7f8d22e97000 r--p 00001000 08:06 9437551                    /usr/lib/jvm/java-11-openjdk-amd64/lib/libextnet.so
7f8d22e97000-7f8d22e98000 rw-p 00002000 08:06 9437551                    /usr/lib/jvm/java-11-openjdk-amd64/lib/libextnet.so
7f8d22e98000-7f8d23098000 rw-p 00000000 00:00 0 
7f8d23098000-7f8d23298000 rw-p 00000000 00:00 0 
7f8d23298000-7f8d23498000 rw-p 00000000 00:00 0 
7f8d23498000-7f8d23698000 rw-p 00000000 00:00 0 
7f8d23698000-7f8d23898000 rw-p 00000000 00:00 0 
7f8d23898000-7f8d23a98000 rw-p 00000000 00:00 0 
7f8d23a98000-7f8d23c84000 rw-p 00000000 00:00 0 
7f8d23c84000-7f8d23c98000 ---p 00000000 00:00 0 
7f8d23c98000-7f8d23e98000 rw-p 00000000 00:00 0 
7f8d23eff000-7f8d23f03000 ---p 00000000 00:00 0 
7f8d23f03000-7f8d24000000 rw-p 00000000 00:00 0 
7f8d24000000-7f8d24021000 rw-p 00000000 00:00 0 
7f8d24021000-7f8d28000000 ---p 00000000 00:00 0 
7f8d28000000-7f8d28021000 rw-p 00000000 00:00 0 
7f8d28021000-7f8d2c000000 ---p 00000000 00:00 0 
7f8d2c000000-7f8d2d9e3000 rw-p 00000000 00:00 0 
7f8d2d9e3000-7f8d30000000 ---p 00000000 00:00 0 
7f8d30000000-7f8d30308000 rw-p 00000000 00:00 0 
7f8d30308000-7f8d34000000 ---p 00000000 00:00 0 
7f8d34000000-7f8d3402f000 rw-p 00000000 00:00 0 
7f8d3402f000-7f8d38000000 ---p 00000000 00:00 0 
7f8d38000000-7f8d38021000 rw-p 00000000 00:00 0 
7f8d38021000-7f8d3c000000 ---p 00000000 00:00 0 
7f8d3c000000-7f8d3c066000 rw-p 00000000 00:00 0 
7f8d3c066000-7f8d40000000 ---p 00000000 00:00 0 
7f8d40000000-7f8d40021000 rw-p 00000000 00:00 0 
7f8d40021000-7f8d44000000 ---p 00000000 00:00 0 
7f8d44000000-7f8d44021000 rw-p 00000000 00:00 0 
7f8d44021000-7f8d48000000 ---p 00000000 00:00 0 
7f8d48000000-7f8d48021000 rw-p 00000000 00:00 0 
7f8d48021000-7f8d4c000000 ---p 00000000 00:00 0 
7f8d4c000000-7f8d4c021000 rw-p 00000000 00:00 0 
7f8d4c021000-7f8d50000000 ---p 00000000 00:00 0 
7f8d50000000-7f8d50021000 rw-p 00000000 00:00 0 
7f8d50021000-7f8d54000000 ---p 00000000 00:00 0 
7f8d54000000-7f8d54eb9000 rw-p 00000000 00:00 0 
7f8d54eb9000-7f8d58000000 ---p 00000000 00:00 0 
7f8d58000000-7f8d58021000 rw-p 00000000 00:00 0 
7f8d58021000-7f8d5c000000 ---p 00000000 00:00 0 
7f8d5c000000-7f8d5c029000 rw-p 00000000 00:00 0 
7f8d5c029000-7f8d60000000 ---p 00000000 00:00 0 
7f8d60000000-7f8d63ffc000 rw-p 00000000 00:00 0 
7f8d63ffc000-7f8d64000000 ---p 00000000 00:00 0 
7f8d64000000-7f8d64035000 rw-p 00000000 00:00 0 
7f8d64035000-7f8d68000000 ---p 00000000 00:00 0 
7f8d68000000-7f8d68021000 rw-p 00000000 00:00 0 
7f8d68021000-7f8d6c000000 ---p 00000000 00:00 0 
7f8d6c000000-7f8d6c021000 rw-p 00000000 00:00 0 
7f8d6c021000-7f8d70000000 ---p 00000000 00:00 0 
7f8d70000000-7f8d70169000 rw-p 00000000 00:00 0 
7f8d70169000-7f8d74000000 ---p 00000000 00:00 0 
7f8d74000000-7f8d74021000 rw-p 00000000 00:00 0 
7f8d74021000-7f8d78000000 ---p 00000000 00:00 0 
7f8d78000000-7f8d7802d000 rw-p 00000000 00:00 0 
7f8d7802d000-7f8d7c000000 ---p 00000000 00:00 0 
7f8d7c0b2000-7f8d7c0b6000 ---p 00000000 00:00 0 
7f8d7c0b6000-7f8d7c1b3000 rw-p 00000000 00:00 0 
7f8d7c1b3000-7f8d7c1b7000 ---p 00000000 00:00 0 
7f8d7c1b7000-7f8d7c4b4000 rw-p 00000000 00:00 0 
7f8d7c4b4000-7f8d7c4b5000 ---p 00000000 00:00 0 
7f8d7c4b5000-7f8d7c5b6000 rw-p 00000000 00:00 0 
7f8d7c5b6000-7f8d7c5b7000 ---p 00000000 00:00 0 
7f8d7c5b7000-7f8d7c8b8000 rw-p 00000000 00:00 0 
7f8d7c8b8000-7f8d7c8bc000 ---p 00000000 00:00 0 
7f8d7c8bc000-7f8d7cbb9000 rw-p 00000000 00:00 0 
7f8d7cbb9000-7f8d7cbbd000 ---p 00000000 00:00 0 
7f8d7cbbd000-7f8d7ccba000 rw-p 00000000 00:00 0 
7f8d7ccba000-7f8d7ccbe000 ---p 00000000 00:00 0 
7f8d7ccbe000-7f8d7cdbb000 rw-p 00000000 00:00 0 
7f8d7cdbb000-7f8d7cdc0000 r-xp 00000000 08:06 9437962                    /usr/lib/jvm/java-11-openjdk-amd64/lib/libmanagement_ext.so
7f8d7cdc0000-7f8d7cfc0000 ---p 00005000 08:06 9437962                    /usr/lib/jvm/java-11-openjdk-amd64/lib/libmanagement_ext.so
7f8d7cfc0000-7f8d7cfc1000 r--p 00005000 08:06 9437962                    /usr/lib/jvm/java-11-openjdk-amd64/lib/libmanagement_ext.so
7f8d7cfc1000-7f8d7cfc2000 rw-p 00006000 08:06 9437962                    /usr/lib/jvm/java-11-openjdk-amd64/lib/libmanagement_ext.so
7f8d7cfc2000-7f8d7cfc6000 r-xp 00000000 08:06 9437621                    /usr/lib/jvm/java-11-openjdk-amd64/lib/libmanagement.so
7f8d7cfc6000-7f8d7d1c6000 ---p 00004000 08:06 9437621                    /usr/lib/jvm/java-11-openjdk-amd64/lib/libmanagement.so
7f8d7d1c6000-7f8d7d1c7000 r--p 00004000 08:06 9437621                    /usr/lib/jvm/java-11-openjdk-amd64/lib/libmanagement.so
7f8d7d1c7000-7f8d7d1c8000 rw-p 00005000 08:06 9437621                    /usr/lib/jvm/java-11-openjdk-amd64/lib/libmanagement.so
7f8d7d1c8000-7f8d7d1c9000 ---p 00000000 00:00 0 
7f8d7d1c9000-7f8d7d2ca000 rw-p 00000000 00:00 0 
7f8d7d2ca000-7f8d7d2e0000 r-xp 00000000 08:06 9437965                    /usr/lib/jvm/java-11-openjdk-amd64/lib/libnet.so
7f8d7d2e0000-7f8d7d4df000 ---p 00016000 08:06 9437965                    /usr/lib/jvm/java-11-openjdk-amd64/lib/libnet.so
7f8d7d4df000-7f8d7d4e0000 r--p 00015000 08:06 9437965                    /usr/lib/jvm/java-11-openjdk-amd64/lib/libnet.so
7f8d7d4e0000-7f8d7d4e1000 rw-p 00016000 08:06 9437965                    /usr/lib/jvm/java-11-openjdk-amd64/lib/libnet.so
7f8d7d4e1000-7f8d7d4f1000 r-xp 00000000 08:06 9437966                    /usr/lib/jvm/java-11-openjdk-amd64/lib/libnio.so
7f8d7d4f1000-7f8d7d6f0000 ---p 00010000 08:06 9437966                    /usr/lib/jvm/java-11-openjdk-amd64/lib/libnio.so
7f8d7d6f0000-7f8d7d6f1000 r--p 0000f000 08:06 9437966                    /usr/lib/jvm/java-11-openjdk-amd64/lib/libnio.so
7f8d7d6f1000-7f8d7d6f2000 rw-p 00010000 08:06 9437966                    /usr/lib/jvm/java-11-openjdk-amd64/lib/libnio.so
7f8d7d6f2000-7f8d7d6f6000 ---p 00000000 00:00 0 
7f8d7d6f6000-7f8d7d7f3000 rw-p 00000000 00:00 0 
7f8d7d7f3000-7f8d7d7f4000 ---p 00000000 00:00 0 
7f8d7d7f4000-7f8d7d8f5000 rw-p 00000000 00:00 0 
7f8d7d8f5000-7f8d7d8f9000 ---p 00000000 00:00 0 
7f8d7d8f9000-7f8d7d9f6000 rw-p 00000000 00:00 0 
7f8d7d9f6000-7f8d7d9fa000 ---p 00000000 00:00 0 
7f8d7d9fa000-7f8d7daf7000 rw-p 00000000 00:00 0 
7f8d7daf7000-7f8d7dafb000 ---p 00000000 00:00 0 
7f8d7dafb000-7f8d7dbf8000 rw-p 00000000 00:00 0 
7f8d7dbf8000-7f8d7dbfc000 ---p 00000000 00:00 0 
7f8d7dbfc000-7f8d7dcf9000 rw-p 00000000 00:00 0 
7f8d7dcf9000-7f8d7dcfd000 r-xp 00000000 08:06 9437550                    /usr/lib/jvm/java-11-openjdk-amd64/lib/libdt_socket.so
7f8d7dcfd000-7f8d7defd000 ---p 00004000 08:06 9437550                    /usr/lib/jvm/java-11-openjdk-amd64/lib/libdt_socket.so
7f8d7defd000-7f8d7defe000 r--p 00004000 08:06 9437550                    /usr/lib/jvm/java-11-openjdk-amd64/lib/libdt_socket.so
7f8d7defe000-7f8d7deff000 rw-p 00005000 08:06 9437550                    /usr/lib/jvm/java-11-openjdk-amd64/lib/libdt_socket.so
7f8d7deff000-7f8d7df03000 ---p 00000000 00:00 0 
7f8d7df03000-7f8d80000000 rw-p 00000000 00:00 0 
7f8d80000000-7f8d80021000 rw-p 00000000 00:00 0 
7f8d80021000-7f8d84000000 ---p 00000000 00:00 0 
7f8d84067000-7f8d8406b000 ---p 00000000 00:00 0 
7f8d8406b000-7f8d84168000 rw-p 00000000 00:00 0 
7f8d84168000-7f8d8416c000 ---p 00000000 00:00 0 
7f8d8416c000-7f8d84269000 rw-p 00000000 00:00 0 
7f8d84269000-7f8d8426d000 ---p 00000000 00:00 0 
7f8d8426d000-7f8d8436a000 rw-p 00000000 00:00 0 
7f8d8436a000-7f8d8464a000 r--p 00000000 08:06 9310727                    /usr/lib/locale/locale-archive
7f8d8464a000-7f8d8464e000 ---p 00000000 00:00 0 
7f8d8464e000-7f8d8474b000 rw-p 00000000 00:00 0 
7f8d8474b000-7f8d8474f000 ---p 00000000 00:00 0 
7f8d8474f000-7f8d8484c000 rw-p 00000000 00:00 0 
7f8d8484c000-7f8d8484d000 ---p 00000000 00:00 0 
7f8d8484d000-7f8d8514e000 rw-p 00000000 00:00 0 
7f8d8514e000-7f8d8514f000 ---p 00000000 00:00 0 
7f8d8514f000-7f8d85468000 rw-p 00000000 00:00 0 
7f8d85468000-7f8d86920000 ---p 00000000 00:00 0 
7f8d86920000-7f8d86b40000 rw-p 00000000 00:00 0 
7f8d86b40000-7f8d87ff8000 ---p 00000000 00:00 0 
7f8d87ff8000-7f8d88000000 rw-p 00000000 00:00 0 
7f8d88000000-7f8d88057000 rw-p 00000000 00:00 0 
7f8d88057000-7f8d8c000000 ---p 00000000 00:00 0 
7f8d8c011000-7f8d8c037000 r--p 00000000 08:06 9979818                    /usr/share/locale-langpack/pt_BR/LC_MESSAGES/libc.mo
7f8d8c037000-7f8d8c0b8000 rw-p 00000000 00:00 0 
7f8d8c0b8000-7f8d8c0b9000 ---p 00000000 00:00 0 
7f8d8c0b9000-7f8d8c601000 rw-p 00000000 00:00 0 
7f8d8c601000-7f8d8c898000 ---p 00000000 00:00 0 
7f8d8c898000-7f8d8c899000 rw-p 00000000 00:00 0 
7f8d8c899000-7f8d8cb09000 rwxp 00000000 00:00 0 
7f8d8cb09000-7f8d8ce29000 ---p 00000000 00:00 0 
7f8d8ce29000-7f8d8dd99000 rwxp 00000000 00:00 0 
7f8d8dd99000-7f8d94361000 ---p 00000000 00:00 0 
7f8d94361000-7f8d94831000 rwxp 00000000 00:00 0 
7f8d94831000-7f8d9b899000 ---p 00000000 00:00 0 
7f8da4000000-7f8da468f000 rw-p 00000000 00:00 0 
7f8da468f000-7f8da8000000 ---p 00000000 00:00 0 
7f8da8016000-7f8da8071000 rw-p 00000000 00:00 0 
7f8da8071000-7f8da8072000 ---p 00000000 00:00 0 
7f8da8072000-7f8da8173000 rw-p 00000000 00:00 0 
7f8da8173000-7f8da8174000 ---p 00000000 00:00 0 
7f8da8174000-7f8da82b8000 rw-p 00000000 00:00 0 
7f8da82b8000-7f8da854f000 ---p 00000000 00:00 0 
7f8da854f000-7f8da8593000 rw-p 00000000 00:00 0 
7f8da8593000-7f8da882a000 ---p 00000000 00:00 0 
7f8da882a000-7f8da8c2f000 rw-p 00000000 00:00 0 
7f8da8c2f000-7f8da8c30000 ---p 00000000 00:00 0 
7f8da8c30000-7f8da8d3b000 rw-p 00000000 00:00 0 
7f8da8d3b000-7f8da8e1c000 ---p 00000000 00:00 0 
7f8da8e1c000-7f8da8e3b000 rw-p 00000000 00:00 0 
7f8da8e3b000-7f8da8f07000 ---p 00000000 00:00 0 
7f8da8f07000-7f8da8f0e000 r-xp 00000000 08:06 9437990                    /usr/lib/jvm/java-11-openjdk-amd64/lib/libzip.so
7f8da8f0e000-7f8da910d000 ---p 00007000 08:06 9437990                    /usr/lib/jvm/java-11-openjdk-amd64/lib/libzip.so
7f8da910d000-7f8da910e000 r--p 00006000 08:06 9437990                    /usr/lib/jvm/java-11-openjdk-amd64/lib/libzip.so
7f8da910e000-7f8da910f000 rw-p 00007000 08:06 9437990                    /usr/lib/jvm/java-11-openjdk-amd64/lib/libzip.so
7f8da910f000-7f8da911a000 r-xp 00000000 08:06 16961827                   /lib/x86_64-linux-gnu/libnss_files-2.27.so
7f8da911a000-7f8da9319000 ---p 0000b000 08:06 16961827                   /lib/x86_64-linux-gnu/libnss_files-2.27.so
7f8da9319000-7f8da931a000 r--p 0000a000 08:06 16961827                   /lib/x86_64-linux-gnu/libnss_files-2.27.so
7f8da931a000-7f8da931b000 rw-p 0000b000 08:06 16961827                   /lib/x86_64-linux-gnu/libnss_files-2.27.so
7f8da931b000-7f8da9321000 rw-p 00000000 00:00 0 
7f8da9321000-7f8da9338000 r-xp 00000000 08:06 16961824                   /lib/x86_64-linux-gnu/libnsl-2.27.so
7f8da9338000-7f8da9537000 ---p 00017000 08:06 16961824                   /lib/x86_64-linux-gnu/libnsl-2.27.so
7f8da9537000-7f8da9538000 r--p 00016000 08:06 16961824                   /lib/x86_64-linux-gnu/libnsl-2.27.so
7f8da9538000-7f8da9539000 rw-p 00017000 08:06 16961824                   /lib/x86_64-linux-gnu/libnsl-2.27.so
7f8da9539000-7f8da953b000 rw-p 00000000 00:00 0 
7f8da953b000-7f8da9546000 r-xp 00000000 08:06 16961829                   /lib/x86_64-linux-gnu/libnss_nis-2.27.so
7f8da9546000-7f8da9745000 ---p 0000b000 08:06 16961829                   /lib/x86_64-linux-gnu/libnss_nis-2.27.so
7f8da9745000-7f8da9746000 r--p 0000a000 08:06 16961829                   /lib/x86_64-linux-gnu/libnss_nis-2.27.so
7f8da9746000-7f8da9747000 rw-p 0000b000 08:06 16961829                   /lib/x86_64-linux-gnu/libnss_nis-2.27.so
7f8da9747000-7f8da974f000 r-xp 00000000 08:06 16961825                   /lib/x86_64-linux-gnu/libnss_compat-2.27.so
7f8da974f000-7f8da994f000 ---p 00008000 08:06 16961825                   /lib/x86_64-linux-gnu/libnss_compat-2.27.so
7f8da994f000-7f8da9950000 r--p 00008000 08:06 16961825                   /lib/x86_64-linux-gnu/libnss_compat-2.27.so
7f8da9950000-7f8da9951000 rw-p 00009000 08:06 16961825                   /lib/x86_64-linux-gnu/libnss_compat-2.27.so
7f8da9951000-7f8da998d000 r-xp 00000000 08:06 9437613                    /usr/lib/jvm/java-11-openjdk-amd64/lib/libjdwp.so
7f8da998d000-7f8da9b8c000 ---p 0003c000 08:06 9437613                    /usr/lib/jvm/java-11-openjdk-amd64/lib/libjdwp.so
7f8da9b8c000-7f8da9b8d000 r--p 0003b000 08:06 9437613                    /usr/lib/jvm/java-11-openjdk-amd64/lib/libjdwp.so
7f8da9b8d000-7f8da9b8e000 rw-p 0003c000 08:06 9437613                    /usr/lib/jvm/java-11-openjdk-amd64/lib/libjdwp.so
7f8da9b8e000-7f8da9b93000 r-xp 00000000 08:06 9437614                    /usr/lib/jvm/java-11-openjdk-amd64/lib/libjimage.so
7f8da9b93000-7f8da9d92000 ---p 00005000 08:06 9437614                    /usr/lib/jvm/java-11-openjdk-amd64/lib/libjimage.so
7f8da9d92000-7f8da9d93000 r--p 00004000 08:06 9437614                    /usr/lib/jvm/java-11-openjdk-amd64/lib/libjimage.so
7f8da9d93000-7f8da9d94000 rw-p 00005000 08:06 9437614                    /usr/lib/jvm/java-11-openjdk-amd64/lib/libjimage.so
7f8da9d94000-7f8da9dbd000 r-xp 00000000 08:06 9437596                    /usr/lib/jvm/java-11-openjdk-amd64/lib/libjava.so
7f8da9dbd000-7f8da9fbd000 ---p 00029000 08:06 9437596                    /usr/lib/jvm/java-11-openjdk-amd64/lib/libjava.so
7f8da9fbd000-7f8da9fbe000 r--p 00029000 08:06 9437596                    /usr/lib/jvm/java-11-openjdk-amd64/lib/libjava.so
7f8da9fbe000-7f8da9fbf000 rw-p 0002a000 08:06 9437596                    /usr/lib/jvm/java-11-openjdk-amd64/lib/libjava.so
7f8da9fbf000-7f8da9fc0000 rw-p 00000000 00:00 0 
7f8da9fc0000-7f8da9fcd000 r-xp 00000000 08:06 9437989                    /usr/lib/jvm/java-11-openjdk-amd64/lib/libverify.so
7f8da9fcd000-7f8daa1cc000 ---p 0000d000 08:06 9437989                    /usr/lib/jvm/java-11-openjdk-amd64/lib/libverify.so
7f8daa1cc000-7f8daa1ce000 r--p 0000c000 08:06 9437989                    /usr/lib/jvm/java-11-openjdk-amd64/lib/libverify.so
7f8daa1ce000-7f8daa1cf000 rw-p 0000e000 08:06 9437989                    /usr/lib/jvm/java-11-openjdk-amd64/lib/libverify.so
7f8daa1cf000-7f8daa1d6000 r-xp 00000000 08:06 16961834                   /lib/x86_64-linux-gnu/librt-2.27.so
7f8daa1d6000-7f8daa3d5000 ---p 00007000 08:06 16961834                   /lib/x86_64-linux-gnu/librt-2.27.so
7f8daa3d5000-7f8daa3d6000 r--p 00006000 08:06 16961834                   /lib/x86_64-linux-gnu/librt-2.27.so
7f8daa3d6000-7f8daa3d7000 rw-p 00007000 08:06 16961834                   /lib/x86_64-linux-gnu/librt-2.27.so
7f8daa3d7000-7f8daa3ee000 r-xp 00000000 08:06 16908340                   /lib/x86_64-linux-gnu/libgcc_s.so.1
7f8daa3ee000-7f8daa5ed000 ---p 00017000 08:06 16908340                   /lib/x86_64-linux-gnu/libgcc_s.so.1
7f8daa5ed000-7f8daa5ee000 r--p 00016000 08:06 16908340                   /lib/x86_64-linux-gnu/libgcc_s.so.1
7f8daa5ee000-7f8daa5ef000 rw-p 00017000 08:06 16908340                   /lib/x86_64-linux-gnu/libgcc_s.so.1
7f8daa5ef000-7f8daa78c000 r-xp 00000000 08:06 16961821                   /lib/x86_64-linux-gnu/libm-2.27.so
7f8daa78c000-7f8daa98b000 ---p 0019d000 08:06 16961821                   /lib/x86_64-linux-gnu/libm-2.27.so
7f8daa98b000-7f8daa98c000 r--p 0019c000 08:06 16961821                   /lib/x86_64-linux-gnu/libm-2.27.so
7f8daa98c000-7f8daa98d000 rw-p 0019d000 08:06 16961821                   /lib/x86_64-linux-gnu/libm-2.27.so
7f8daa98d000-7f8daab06000 r-xp 00000000 08:06 9307242                    /usr/lib/x86_64-linux-gnu/libstdc++.so.6.0.25
7f8daab06000-7f8daad06000 ---p 00179000 08:06 9307242                    /usr/lib/x86_64-linux-gnu/libstdc++.so.6.0.25
7f8daad06000-7f8daad10000 r--p 00179000 08:06 9307242                    /usr/lib/x86_64-linux-gnu/libstdc++.so.6.0.25
7f8daad10000-7f8daad12000 rw-p 00183000 08:06 9307242                    /usr/lib/x86_64-linux-gnu/libstdc++.so.6.0.25
7f8daad12000-7f8daad16000 rw-p 00000000 00:00 0 
7f8daad16000-7f8dabf07000 r-xp 00000000 08:06 9438005                    /usr/lib/jvm/java-11-openjdk-amd64/lib/server/libjvm.so
7f8dabf07000-7f8dac106000 ---p 011f1000 08:06 9438005                    /usr/lib/jvm/java-11-openjdk-amd64/lib/server/libjvm.so
7f8dac106000-7f8dac1c7000 r--p 011f0000 08:06 9438005                    /usr/lib/jvm/java-11-openjdk-amd64/lib/server/libjvm.so
7f8dac1c7000-7f8dac202000 rw-p 012b1000 08:06 9438005                    /usr/lib/jvm/java-11-openjdk-amd64/lib/server/libjvm.so
7f8dac202000-7f8dac259000 rw-p 00000000 00:00 0 
7f8dac259000-7f8dac273000 r-xp 00000000 08:06 16961832                   /lib/x86_64-linux-gnu/libpthread-2.27.so
7f8dac273000-7f8dac472000 ---p 0001a000 08:06 16961832                   /lib/x86_64-linux-gnu/libpthread-2.27.so
7f8dac472000-7f8dac473000 r--p 00019000 08:06 16961832                   /lib/x86_64-linux-gnu/libpthread-2.27.so
7f8dac473000-7f8dac474000 rw-p 0001a000 08:06 16961832                   /lib/x86_64-linux-gnu/libpthread-2.27.so
7f8dac474000-7f8dac478000 rw-p 00000000 00:00 0 
7f8dac478000-7f8dac47b000 r-xp 00000000 08:06 16961820                   /lib/x86_64-linux-gnu/libdl-2.27.so
7f8dac47b000-7f8dac67a000 ---p 00003000 08:06 16961820                   /lib/x86_64-linux-gnu/libdl-2.27.so
7f8dac67a000-7f8dac67b000 r--p 00002000 08:06 16961820                   /lib/x86_64-linux-gnu/libdl-2.27.so
7f8dac67b000-7f8dac67c000 rw-p 00003000 08:06 16961820                   /lib/x86_64-linux-gnu/libdl-2.27.so
7f8dac67c000-7f8dac698000 r-xp 00000000 08:06 16913164                   /lib/x86_64-linux-gnu/libz.so.1.2.11
7f8dac698000-7f8dac897000 ---p 0001c000 08:06 16913164                   /lib/x86_64-linux-gnu/libz.so.1.2.11
7f8dac897000-7f8dac898000 r--p 0001b000 08:06 16913164                   /lib/x86_64-linux-gnu/libz.so.1.2.11
7f8dac898000-7f8dac899000 rw-p 0001c000 08:06 16913164                   /lib/x86_64-linux-gnu/libz.so.1.2.11
7f8dac899000-7f8daca80000 r-xp 00000000 08:06 16961817                   /lib/x86_64-linux-gnu/libc-2.27.so
7f8daca80000-7f8dacc80000 ---p 001e7000 08:06 16961817                   /lib/x86_64-linux-gnu/libc-2.27.so
7f8dacc80000-7f8dacc84000 r--p 001e7000 08:06 16961817                   /lib/x86_64-linux-gnu/libc-2.27.so
7f8dacc84000-7f8dacc86000 rw-p 001eb000 08:06 16961817                   /lib/x86_64-linux-gnu/libc-2.27.so
7f8dacc86000-7f8dacc8a000 rw-p 00000000 00:00 0 
7f8dacc8a000-7f8dacc9a000 r-xp 00000000 08:06 9437540                    /usr/lib/jvm/java-11-openjdk-amd64/lib/jli/libjli.so
7f8dacc9a000-7f8dace99000 ---p 00010000 08:06 9437540                    /usr/lib/jvm/java-11-openjdk-amd64/lib/jli/libjli.so
7f8dace99000-7f8dace9a000 r--p 0000f000 08:06 9437540                    /usr/lib/jvm/java-11-openjdk-amd64/lib/jli/libjli.so
7f8dace9a000-7f8dace9b000 rw-p 00010000 08:06 9437540                    /usr/lib/jvm/java-11-openjdk-amd64/lib/jli/libjli.so
7f8dace9b000-7f8dacec4000 r-xp 00000000 08:06 16908561                   /lib/x86_64-linux-gnu/ld-2.27.so
7f8dacec9000-7f8dacf95000 rw-p 00000000 00:00 0 
7f8dacf95000-7f8dacf99000 ---p 00000000 00:00 0 
7f8dacf99000-7f8dad098000 rw-p 00000000 00:00 0 
7f8dad0a3000-7f8dad0aa000 r--s 00000000 08:06 9714082                    /usr/lib/x86_64-linux-gnu/gconv/gconv-modules.cache
7f8dad0aa000-7f8dad0af000 rw-p 00000000 00:00 0 
7f8dad0af000-7f8dad0b6000 ---p 00000000 00:00 0 
7f8dad0b6000-7f8dad0b8000 r--s 00007000 08:06 9964637                    /usr/share/java/java-atk-wrapper.jar
7f8dad0b8000-7f8dad0c0000 rw-s 00000000 08:06 7606205                    /tmp/hsperfdata_elof/11232
7f8dad0c0000-7f8dad0c1000 ---p 00000000 00:00 0 
7f8dad0c1000-7f8dad0c2000 r--p 00000000 00:00 0 
7f8dad0c2000-7f8dad0c4000 rw-p 00000000 00:00 0 
7f8dad0c4000-7f8dad0c5000 r--p 00029000 08:06 16908561                   /lib/x86_64-linux-gnu/ld-2.27.so
7f8dad0c5000-7f8dad0c6000 rw-p 0002a000 08:06 16908561                   /lib/x86_64-linux-gnu/ld-2.27.so
7f8dad0c6000-7f8dad0c7000 rw-p 00000000 00:00 0 
7ffeff4df000-7ffeff501000 rw-p 00000000 00:00 0                          [stack]
7ffeff568000-7ffeff56b000 r--p 00000000 00:00 0                          [vvar]
7ffeff56b000-7ffeff56c000 r-xp 00000000 00:00 0                          [vdso]
ffffffffff600000-ffffffffff601000 --xp 00000000 00:00 0                  [vsyscall]


VM Arguments:
jvm_args: -agentlib:jdwp=transport=dt_socket,server=n,suspend=y,address=localhost:13091 -Dfile.encoding=UTF-8 
java_command: com.eofdev.repcomercial.RepcomercialApplication
java_class_path (initial): /media/elof/bc3254c4-1d4f-42fc-89c6-a01c4f1917ab/Desenvolvimento/repcomercial/target/classes:/home/elof/.m2/repository/org/springframework/boot/spring-boot-starter-data-jpa/2.4.2/spring-boot-starter-data-jpa-2.4.2.jar:/home/elof/.m2/repository/org/springframework/boot/spring-boot-starter-aop/2.4.2/spring-boot-starter-aop-2.4.2.jar:/home/elof/.m2/repository/org/springframework/spring-aop/5.3.3/spring-aop-5.3.3.jar:/home/elof/.m2/repository/org/aspectj/aspectjweaver/1.9.6/aspectjweaver-1.9.6.jar:/home/elof/.m2/repository/org/springframework/boot/spring-boot-starter-jdbc/2.4.2/spring-boot-starter-jdbc-2.4.2.jar:/home/elof/.m2/repository/com/zaxxer/HikariCP/3.4.5/HikariCP-3.4.5.jar:/home/elof/.m2/repository/org/springframework/spring-jdbc/5.3.3/spring-jdbc-5.3.3.jar:/home/elof/.m2/repository/jakarta/transaction/jakarta.transaction-api/1.3.3/jakarta.transaction-api-1.3.3.jar:/home/elof/.m2/repository/jakarta/persistence/jakarta.persistence-api/2.2.3/jakarta.persistence-api-2.2.3.jar:/home/elof/.m2/repository/org/hibernate/hibernate-core/5.4.27.Final/hibernate-core-5.4.27.Final.jar:/home/elof/.m2/repository/org/jboss/logging/jboss-logging/3.4.1.Final/jboss-logging-3.4.1.Final.jar:/home/elof/.m2/repository/org/javassist/javassist/3.27.0-GA/javassist-3.27.0-GA.jar:/home/elof/.m2/repository/net/bytebuddy/byte-buddy/1.10.19/byte-buddy-1.10.19.jar:/home/elof/.m2/repository/antlr/antlr/2.7.7/antlr-2.7.7.jar:/home/elof/.m2/repository/org/jboss/jandex/2.1.3.Final/jandex-2.1.3.Final.jar:/home/elof/.m2/repository/com/fasterxml/classmate/1.5.1/classmate-1.5.1.jar:/home/elof/.m2/repository/org/dom4j/dom4j/2.1.3/dom4j-2.1.3.jar:/home/elof/.m2/repository/org/hibernate/common/hibernate-commons-annotations/5.1.2.Final/hibernate-commons-annotations-5.1.2.Final.jar:/home/elof/.m2/repository/org/glassfish/jaxb/jaxb-runtime/2.3.3/jaxb-runtime-2.3.3.jar:/home/elof/.m2/repository/org/glassfish/jaxb/txw2/2.3.3/txw2-2.3.3.jar:/home/elof/.m2/repository/com/sun/istack/
Launcher Type: SUN_STANDARD

[Global flags]
     intx CICompilerCount                          = 3                                         {product} {ergonomic}
     uint ConcGCThreads                            = 1                                         {product} {ergonomic}
     uint G1ConcRefinementThreads                  = 4                                         {product} {ergonomic}
   size_t G1HeapRegionSize                         = 1048576                                   {product} {ergonomic}
    uintx GCDrainStackTargetSize                   = 64                                        {product} {ergonomic}
   size_t InitialHeapSize                          = 96468992                                  {product} {ergonomic}
   size_t MarkStackSize                            = 4194304                                   {product} {ergonomic}
   size_t MaxHeapSize                              = 1533018112                                {product} {ergonomic}
   size_t MaxNewSize                               = 919601152                                 {product} {ergonomic}
   size_t MinHeapDeltaBytes                        = 1048576                                   {product} {ergonomic}
    uintx NonNMethodCodeHeapSize                   = 5830732                                {pd product} {ergonomic}
    uintx NonProfiledCodeHeapSize                  = 122913754                              {pd product} {ergonomic}
    uintx ProfiledCodeHeapSize                     = 122913754                              {pd product} {ergonomic}
    uintx ReservedCodeCacheSize                    = 251658240                              {pd product} {ergonomic}
     bool SegmentedCodeCache                       = true                                      {product} {ergonomic}
     bool UseCompressedClassPointers               = true                                 {lp64_product} {ergonomic}
     bool UseCompressedOops                        = true                                 {lp64_product} {ergonomic}
     bool UseG1GC                                  = true                                      {product} {ergonomic}

Logging:
Log output configuration:
 #0: stdout all=warning uptime,level,tags
 #1: stderr all=off uptime,level,tags

Environment Variables:
PATH=/home/elof/.rbenv/plugins/ruby-build/bin:/home/elof/.rbenv/shims:/home/elof/.rbenv/bin:/home/elof/.rbenv/plugins/ruby-build/bin:/home/elof/.rbenv/shims:/home/elof/.rbenv/bin:/home/elof/.rbenv/plugins/ruby-build/bin:/home/elof/.rbenv/shims:/home/elof/.rbenv/bin:/home/elof/.rbenv/plugins/ruby-build/bin:/home/elof/.rbenv/shims:/home/elof/.rbenv/bin:/usr/local/bin:/usr/bin:/bin:/usr/games:/media/elof/bc3254c4-1d4f-42fc-89c6-a01c4f1917ab/Desenvolvimento/repcomercial/flutter/bin:[PATH_TO_FLUTTER_GIT_DIRECTORY]/flutter/bin:/snap/bin:/tools/bin/:/platform-tools/:/usr/lib/android-sdk/platform-tools/adb:/media/elof/bc3254c4-1d4f-42fc-89c6-a01c4f1917ab/Desenvolvimento/repcomercial/flutter/bin:[PATH_TO_FLUTTER_GIT_DIRECTORY]/flutter/bin:/snap/bin:/tools/bin/:/platform-tools/:/usr/lib/android-sdk/platform-tools/adb
SHELL=/bin/bash
DISPLAY=:0
LANG=pt_BR.UTF-8

Signal Handlers:
SIGSEGV: [libjvm.so+0xeeaf50], sa_mask[0]=11111111011111111101111111111110, sa_flags=SA_RESTART|SA_SIGINFO
SIGBUS: [libjvm.so+0xeeaf50], sa_mask[0]=11111111011111111101111111111110, sa_flags=SA_RESTART|SA_SIGINFO
SIGFPE: [libjvm.so+0xeeaf50], sa_mask[0]=11111111011111111101111111111110, sa_flags=SA_RESTART|SA_SIGINFO
SIGPIPE: [libjvm.so+0xc0ee30], sa_mask[0]=11111111011111111101111111111110, sa_flags=SA_RESTART|SA_SIGINFO
SIGXFSZ: [libjvm.so+0xc0ee30], sa_mask[0]=11111111011111111101111111111110, sa_flags=SA_RESTART|SA_SIGINFO
SIGILL: [libjvm.so+0xeeaf50], sa_mask[0]=11111111011111111101111111111110, sa_flags=SA_RESTART|SA_SIGINFO
SIGUSR2: [libjvm.so+0xc0ecd0], sa_mask[0]=00000000000000000000000000000000, sa_flags=SA_RESTART|SA_SIGINFO
SIGHUP: [libjvm.so+0xc0f030], sa_mask[0]=11111111011111111101111111111110, sa_flags=SA_RESTART|SA_SIGINFO
SIGINT: [libjvm.so+0xc0f030], sa_mask[0]=11111111011111111101111111111110, sa_flags=SA_RESTART|SA_SIGINFO
SIGTERM: [libjvm.so+0xc0f030], sa_mask[0]=11111111011111111101111111111110, sa_flags=SA_RESTART|SA_SIGINFO
SIGQUIT: [libjvm.so+0xc0f030], sa_mask[0]=11111111011111111101111111111110, sa_flags=SA_RESTART|SA_SIGINFO


---------------  S Y S T E M  ---------------

OS:DISTRIB_ID=LinuxMint
DISTRIB_RELEASE=19.3
DISTRIB_CODENAME=tricia
DISTRIB_DESCRIPTION="Linux Mint 19.3 Tricia"
uname:Linux 5.4.0-64-generic #72~18.04.1-Ubuntu SMP Fri Jan 15 14:06:34 UTC 2021 x86_64
OS uptime: 0 days 3:23 hours
libc:glibc 2.27 NPTL 2.27 
rlimit (soft/hard): STACK 8192k/infinity , CORE 0k/infinity , NPROC 23075/23075 , NOFILE 4096/4096 , AS infinity/infinity , CPU infinity/infinity , DATA infinity/infinity , FSIZE infinity/infinity , MEMLOCK 65536k/65536k
load average:3,65 2,26 1,91

/proc/meminfo:
MemTotal:        5982064 kB
MemFree:         2054400 kB
MemAvailable:    2581468 kB
Buffers:           90772 kB
Cached:           872500 kB
SwapCached:        14076 kB
Active:          2859568 kB
Inactive:         712064 kB
Active(anon):    2439612 kB
Inactive(anon):   436076 kB
Active(file):     419956 kB
Inactive(file):   275988 kB
Unevictable:       12344 kB
Mlocked:              48 kB
SwapTotal:      30719996 kB
SwapFree:       30184700 kB
Dirty:               260 kB
Writeback:             0 kB
AnonPages:       2612576 kB
Mapped:           366496 kB
Shmem:            281228 kB
KReclaimable:      84660 kB
Slab:             221384 kB
SReclaimable:      84660 kB
SUnreclaim:       136724 kB
KernelStack:       12952 kB
PageTables:        46712 kB
NFS_Unstable:          0 kB
Bounce:                0 kB
WritebackTmp:          0 kB
CommitLimit:    33711028 kB
Committed_AS:    8072008 kB
VmallocTotal:   34359738367 kB
VmallocUsed:       37704 kB
VmallocChunk:          0 kB
Percpu:             3360 kB
HardwareCorrupted:     0 kB
AnonHugePages:         0 kB
ShmemHugePages:        0 kB
ShmemPmdMapped:        0 kB
FileHugePages:         0 kB
FilePmdMapped:         0 kB
CmaTotal:              0 kB
CmaFree:               0 kB
HugePages_Total:       0
HugePages_Free:        0
HugePages_Rsvd:        0
HugePages_Surp:        0
Hugepagesize:       2048 kB
Hugetlb:               0 kB
DirectMap4k:      445924 kB
DirectMap2M:     5740544 kB

/sys/kernel/mm/transparent_hugepage/enabled:
always [madvise] never
/sys/kernel/mm/transparent_hugepage/defrag (defrag/compaction efforts parameter):
always defer defer+madvise [madvise] never

/proc/sys/kernel/threads-max (system-wide limit on the number of threads):
46150
/proc/sys/vm/max_map_count (maximum number of memory map areas a process may have):
65530
/proc/sys/kernel/pid_max (system-wide limit on number of process identifiers):
32768

container (cgroup) information:
container_type: cgroupv1
cpu_cpuset_cpus: 0-3
cpu_memory_nodes: 0
active_processor_count: 4
cpu_quota: -1
cpu_period: 100000
cpu_shares: -1
memory_limit_in_bytes: -1
memory_and_swap_limit_in_bytes: -2
memory_soft_limit_in_bytes: -1
memory_usage_in_bytes: 3209424896
memory_max_usage_in_bytes: 5205438464

Steal ticks since vm start: 0
Steal ticks percentage since vm start:  0,000

CPU:total 4 (initial active 4) (2 cores per cpu, 2 threads per core) family 6 model 58 stepping 9, cmov, cx8, fxsr, mmx, sse, sse2, sse3, ssse3, sse4.1, sse4.2, popcnt, avx, aes, clmul, erms, ht, tsc, tscinvbit, tscinv
CPU Model and flags from /proc/cpuinfo:
model name	: Intel(R) Core(TM) i5-3337U CPU @ 1.80GHz
flags		: fpu vme de pse tsc msr pae mce cx8 apic sep mtrr pge mca cmov pat pse36 clflush dts acpi mmx fxsr sse sse2 ss ht tm pbe syscall nx rdtscp lm constant_tsc arch_perfmon pebs bts rep_good nopl xtopology nonstop_tsc cpuid aperfmperf pni pclmulqdq dtes64 monitor ds_cpl vmx est tm2 ssse3 cx16 xtpr pdcm pcid sse4_1 sse4_2 x2apic popcnt tsc_deadline_timer aes xsave avx f16c rdrand lahf_lm cpuid_fault epb pti ssbd ibrs ibpb stibp tpr_shadow vnmi flexpriority ept vpid fsgsbase smep erms xsaveopt dtherm ida arat pln pts md_clear flush_l1d
Online cpus:
0-3
Offline cpus:

BIOS frequency limitation:
<Not Available>
Frequency switch latency (ns):
0
Available cpu frequencies:
<Not Available>
Current governor:
powersave
Core performance/turbo boost:
<Not Available>

Memory: 4k page, physical 5982064k(2054400k free), swap 30719996k(30184700k free)

vm_info: OpenJDK 64-Bit Server VM (11.0.9.1+1-Ubuntu-0ubuntu1.18.04) for linux-amd64 JRE (11.0.9.1+1-Ubuntu-0ubuntu1.18.04), built on Nov 10 2020 04:18:42 by "unknown" with gcc 7.5.0

END.
